{"/root/work_code/matrix/src/actions.ts": {"path":"/root/work_code/matrix/src/actions.ts","statementMap":{"0":{"start":{"line":14,"column":65},"end":{"line":197,"column":null}},"1":{"start":{"line":16,"column":10},"end":{"line":16,"column":null}},"2":{"start":{"line":17,"column":4},"end":{"line":19,"column":null}},"3":{"start":{"line":18,"column":6},"end":{"line":18,"column":null}},"4":{"start":{"line":20,"column":10},"end":{"line":20,"column":null}},"5":{"start":{"line":21,"column":20},"end":{"line":21,"column":null}},"6":{"start":{"line":22,"column":4},"end":{"line":25,"column":null}},"7":{"start":{"line":23,"column":6},"end":{"line":23,"column":null}},"8":{"start":{"line":24,"column":6},"end":{"line":24,"column":null}},"9":{"start":{"line":26,"column":4},"end":{"line":30,"column":null}},"10":{"start":{"line":27,"column":6},"end":{"line":27,"column":null}},"11":{"start":{"line":28,"column":6},"end":{"line":28,"column":null}},"12":{"start":{"line":29,"column":6},"end":{"line":29,"column":null}},"13":{"start":{"line":31,"column":4},"end":{"line":35,"column":null}},"14":{"start":{"line":32,"column":6},"end":{"line":32,"column":null}},"15":{"start":{"line":33,"column":6},"end":{"line":33,"column":null}},"16":{"start":{"line":34,"column":6},"end":{"line":34,"column":null}},"17":{"start":{"line":36,"column":4},"end":{"line":38,"column":null}},"18":{"start":{"line":37,"column":6},"end":{"line":37,"column":null}},"19":{"start":{"line":39,"column":4},"end":{"line":41,"column":null}},"20":{"start":{"line":40,"column":6},"end":{"line":40,"column":null}},"21":{"start":{"line":42,"column":4},"end":{"line":42,"column":null}},"22":{"start":{"line":44,"column":34},"end":{"line":44,"column":null}},"23":{"start":{"line":46,"column":19},"end":{"line":46,"column":null}},"24":{"start":{"line":47,"column":4},"end":{"line":49,"column":null}},"25":{"start":{"line":48,"column":6},"end":{"line":48,"column":null}},"26":{"start":{"line":50,"column":15},"end":{"line":50,"column":null}},"27":{"start":{"line":51,"column":4},"end":{"line":53,"column":null}},"28":{"start":{"line":52,"column":6},"end":{"line":52,"column":null}},"29":{"start":{"line":54,"column":4},"end":{"line":54,"column":null}},"30":{"start":{"line":57,"column":36},"end":{"line":57,"column":null}},"31":{"start":{"line":58,"column":26},"end":{"line":61,"column":null}},"32":{"start":{"line":63,"column":4},"end":{"line":85,"column":null}},"33":{"start":{"line":64,"column":12},"end":{"line":64,"column":null}},"34":{"start":{"line":65,"column":12},"end":{"line":68,"column":null}},"35":{"start":{"line":69,"column":12},"end":{"line":69,"column":null}},"36":{"start":{"line":70,"column":12},"end":{"line":70,"column":null}},"37":{"start":{"line":71,"column":12},"end":{"line":71,"column":null}},"38":{"start":{"line":72,"column":12},"end":{"line":72,"column":null}},"39":{"start":{"line":73,"column":6},"end":{"line":84,"column":null}},"40":{"start":{"line":87,"column":4},"end":{"line":101,"column":null}},"41":{"start":{"line":88,"column":12},"end":{"line":88,"column":null}},"42":{"start":{"line":89,"column":12},"end":{"line":89,"column":null}},"43":{"start":{"line":90,"column":21},"end":{"line":90,"column":null}},"44":{"start":{"line":91,"column":6},"end":{"line":100,"column":null}},"45":{"start":{"line":103,"column":4},"end":{"line":115,"column":null}},"46":{"start":{"line":104,"column":12},"end":{"line":104,"column":null}},"47":{"start":{"line":105,"column":12},"end":{"line":105,"column":null}},"48":{"start":{"line":106,"column":6},"end":{"line":114,"column":null}},"49":{"start":{"line":117,"column":4},"end":{"line":129,"column":null}},"50":{"start":{"line":118,"column":12},"end":{"line":118,"column":null}},"51":{"start":{"line":119,"column":6},"end":{"line":128,"column":null}},"52":{"start":{"line":131,"column":4},"end":{"line":143,"column":null}},"53":{"start":{"line":132,"column":12},"end":{"line":132,"column":null}},"54":{"start":{"line":133,"column":12},"end":{"line":133,"column":null}},"55":{"start":{"line":134,"column":6},"end":{"line":142,"column":null}},"56":{"start":{"line":145,"column":4},"end":{"line":155,"column":null}},"57":{"start":{"line":146,"column":12},"end":{"line":146,"column":null}},"58":{"start":{"line":147,"column":6},"end":{"line":154,"column":null}},"59":{"start":{"line":157,"column":4},"end":{"line":171,"column":null}},"60":{"start":{"line":159,"column":8},"end":{"line":161,"column":null}},"61":{"start":{"line":162,"column":6},"end":{"line":170,"column":null}},"62":{"start":{"line":173,"column":4},"end":{"line":183,"column":null}},"63":{"start":{"line":174,"column":12},"end":{"line":174,"column":null}},"64":{"start":{"line":175,"column":6},"end":{"line":182,"column":null}},"65":{"start":{"line":185,"column":4},"end":{"line":193,"column":null}},"66":{"start":{"line":186,"column":6},"end":{"line":192,"column":null}},"67":{"start":{"line":195,"column":4},"end":{"line":195,"column":null}}},"fnMap":{"0":{"name":"(anonymous_0)","decl":{"start":{"line":15,"column":15},"end":{"line":15,"column":16}},"loc":{"start":{"line":15,"column":28},"end":{"line":43,"column":null}},"line":15},"1":{"name":"(anonymous_1)","decl":{"start":{"line":44,"column":18},"end":{"line":44,"column":19}},"loc":{"start":{"line":44,"column":34},"end":{"line":44,"column":null}},"line":44},"2":{"name":"(anonymous_2)","decl":{"start":{"line":45,"column":19},"end":{"line":45,"column":20}},"loc":{"start":{"line":45,"column":57},"end":{"line":55,"column":null}},"line":45},"3":{"name":"(anonymous_3)","decl":{"start":{"line":56,"column":16},"end":{"line":56,"column":23}},"loc":{"start":{"line":56,"column":60},"end":{"line":196,"column":null}},"line":56},"4":{"name":"(anonymous_4)","decl":{"start":{"line":58,"column":26},"end":{"line":58,"column":null}},"loc":{"start":{"line":58,"column":26},"end":{"line":61,"column":null}},"line":58}},"branchMap":{"0":{"loc":{"start":{"line":17,"column":4},"end":{"line":19,"column":null}},"type":"if","locations":[{"start":{"line":17,"column":4},"end":{"line":19,"column":null}},{"start":{},"end":{}}],"line":17},"1":{"loc":{"start":{"line":17,"column":8},"end":{"line":17,"column":49}},"type":"binary-expr","locations":[{"start":{"line":17,"column":8},"end":{"line":17,"column":28}},{"start":{"line":17,"column":28},"end":{"line":17,"column":49}}],"line":17},"2":{"loc":{"start":{"line":22,"column":4},"end":{"line":25,"column":null}},"type":"if","locations":[{"start":{"line":22,"column":4},"end":{"line":25,"column":null}},{"start":{},"end":{}}],"line":22},"3":{"loc":{"start":{"line":26,"column":4},"end":{"line":30,"column":null}},"type":"if","locations":[{"start":{"line":26,"column":4},"end":{"line":30,"column":null}},{"start":{},"end":{}}],"line":26},"4":{"loc":{"start":{"line":31,"column":4},"end":{"line":35,"column":null}},"type":"if","locations":[{"start":{"line":31,"column":4},"end":{"line":35,"column":null}},{"start":{},"end":{}}],"line":31},"5":{"loc":{"start":{"line":36,"column":4},"end":{"line":38,"column":null}},"type":"if","locations":[{"start":{"line":36,"column":4},"end":{"line":38,"column":null}},{"start":{},"end":{}}],"line":36},"6":{"loc":{"start":{"line":39,"column":4},"end":{"line":41,"column":null}},"type":"if","locations":[{"start":{"line":39,"column":4},"end":{"line":41,"column":null}},{"start":{},"end":{}}],"line":39},"7":{"loc":{"start":{"line":46,"column":19},"end":{"line":46,"column":null}},"type":"cond-expr","locations":[{"start":{"line":46,"column":53},"end":{"line":46,"column":74}},{"start":{"line":46,"column":74},"end":{"line":46,"column":null}}],"line":46},"8":{"loc":{"start":{"line":47,"column":4},"end":{"line":49,"column":null}},"type":"if","locations":[{"start":{"line":47,"column":4},"end":{"line":49,"column":null}},{"start":{},"end":{}}],"line":47},"9":{"loc":{"start":{"line":50,"column":15},"end":{"line":50,"column":null}},"type":"cond-expr","locations":[{"start":{"line":50,"column":45},"end":{"line":50,"column":55}},{"start":{"line":50,"column":55},"end":{"line":50,"column":null}}],"line":50},"10":{"loc":{"start":{"line":51,"column":4},"end":{"line":53,"column":null}},"type":"if","locations":[{"start":{"line":51,"column":4},"end":{"line":53,"column":null}},{"start":{},"end":{}}],"line":51},"11":{"loc":{"start":{"line":58,"column":26},"end":{"line":61,"column":null}},"type":"binary-expr","locations":[{"start":{"line":58,"column":26},"end":{"line":59,"column":null}},{"start":{"line":59,"column":38},"end":{"line":60,"column":null}},{"start":{"line":60,"column":41},"end":{"line":61,"column":null}}],"line":58},"12":{"loc":{"start":{"line":63,"column":4},"end":{"line":85,"column":null}},"type":"if","locations":[{"start":{"line":63,"column":4},"end":{"line":85,"column":null}},{"start":{},"end":{}}],"line":63},"13":{"loc":{"start":{"line":78,"column":20},"end":{"line":78,"column":null}},"type":"binary-expr","locations":[{"start":{"line":78,"column":20},"end":{"line":78,"column":32}},{"start":{"line":78,"column":32},"end":{"line":78,"column":null}}],"line":78},"14":{"loc":{"start":{"line":79,"column":21},"end":{"line":79,"column":null}},"type":"binary-expr","locations":[{"start":{"line":79,"column":21},"end":{"line":79,"column":32}},{"start":{"line":79,"column":32},"end":{"line":79,"column":null}}],"line":79},"15":{"loc":{"start":{"line":80,"column":20},"end":{"line":80,"column":null}},"type":"binary-expr","locations":[{"start":{"line":80,"column":20},"end":{"line":80,"column":32}},{"start":{"line":80,"column":32},"end":{"line":80,"column":null}}],"line":80},"16":{"loc":{"start":{"line":81,"column":20},"end":{"line":81,"column":null}},"type":"cond-expr","locations":[{"start":{"line":81,"column":31},"end":{"line":81,"column":54}},{"start":{"line":81,"column":54},"end":{"line":81,"column":null}}],"line":81},"17":{"loc":{"start":{"line":87,"column":4},"end":{"line":101,"column":null}},"type":"if","locations":[{"start":{"line":87,"column":4},"end":{"line":101,"column":null}},{"start":{},"end":{}}],"line":87},"18":{"loc":{"start":{"line":90,"column":21},"end":{"line":90,"column":null}},"type":"cond-expr","locations":[{"start":{"line":90,"column":58},"end":{"line":90,"column":74}},{"start":{"line":90,"column":74},"end":{"line":90,"column":null}}],"line":90},"19":{"loc":{"start":{"line":103,"column":4},"end":{"line":115,"column":null}},"type":"if","locations":[{"start":{"line":103,"column":4},"end":{"line":115,"column":null}},{"start":{},"end":{}}],"line":103},"20":{"loc":{"start":{"line":117,"column":4},"end":{"line":129,"column":null}},"type":"if","locations":[{"start":{"line":117,"column":4},"end":{"line":129,"column":null}},{"start":{},"end":{}}],"line":117},"21":{"loc":{"start":{"line":131,"column":4},"end":{"line":143,"column":null}},"type":"if","locations":[{"start":{"line":131,"column":4},"end":{"line":143,"column":null}},{"start":{},"end":{}}],"line":131},"22":{"loc":{"start":{"line":145,"column":4},"end":{"line":155,"column":null}},"type":"if","locations":[{"start":{"line":145,"column":4},"end":{"line":155,"column":null}},{"start":{},"end":{}}],"line":145},"23":{"loc":{"start":{"line":157,"column":4},"end":{"line":171,"column":null}},"type":"if","locations":[{"start":{"line":157,"column":4},"end":{"line":171,"column":null}},{"start":{},"end":{}}],"line":157},"24":{"loc":{"start":{"line":157,"column":8},"end":{"line":157,"column":74}},"type":"binary-expr","locations":[{"start":{"line":157,"column":8},"end":{"line":157,"column":28}},{"start":{"line":157,"column":28},"end":{"line":157,"column":50}},{"start":{"line":157,"column":50},"end":{"line":157,"column":74}}],"line":157},"25":{"loc":{"start":{"line":159,"column":8},"end":{"line":161,"column":null}},"type":"cond-expr","locations":[{"start":{"line":160,"column":12},"end":{"line":160,"column":null}},{"start":{"line":160,"column":12},"end":{"line":161,"column":null}}],"line":159},"26":{"loc":{"start":{"line":165,"column":12},"end":{"line":165,"column":null}},"type":"cond-expr","locations":[{"start":{"line":165,"column":31},"end":{"line":165,"column":46}},{"start":{"line":165,"column":46},"end":{"line":165,"column":null}}],"line":165},"27":{"loc":{"start":{"line":165,"column":46},"end":{"line":165,"column":null}},"type":"cond-expr","locations":[{"start":{"line":165,"column":67},"end":{"line":165,"column":84}},{"start":{"line":165,"column":84},"end":{"line":165,"column":null}}],"line":165},"28":{"loc":{"start":{"line":173,"column":4},"end":{"line":183,"column":null}},"type":"if","locations":[{"start":{"line":173,"column":4},"end":{"line":183,"column":null}},{"start":{},"end":{}}],"line":173},"29":{"loc":{"start":{"line":179,"column":10},"end":{"line":179,"column":null}},"type":"binary-expr","locations":[{"start":{"line":179,"column":10},"end":{"line":179,"column":55}},{"start":{"line":179,"column":50},"end":{"line":179,"column":null}}],"line":179},"30":{"loc":{"start":{"line":185,"column":4},"end":{"line":193,"column":null}},"type":"if","locations":[{"start":{"line":185,"column":4},"end":{"line":193,"column":null}},{"start":{},"end":{}}],"line":185}},"s":{"0":2,"1":0,"2":0,"3":0,"4":0,"5":0,"6":0,"7":0,"8":0,"9":0,"10":0,"11":0,"12":0,"13":0,"14":0,"15":0,"16":0,"17":0,"18":0,"19":0,"20":0,"21":0,"22":0,"23":0,"24":0,"25":0,"26":0,"27":0,"28":0,"29":0,"30":3,"31":0,"32":3,"33":3,"34":3,"35":3,"36":3,"37":3,"38":3,"39":3,"40":0,"41":0,"42":0,"43":0,"44":0,"45":0,"46":0,"47":0,"48":0,"49":0,"50":0,"51":0,"52":0,"53":0,"54":0,"55":0,"56":0,"57":0,"58":0,"59":0,"60":0,"61":0,"62":0,"63":0,"64":0,"65":0,"66":0,"67":0},"f":{"0":0,"1":0,"2":0,"3":3,"4":0},"b":{"0":[0,0],"1":[0,0],"2":[0,0],"3":[0,0],"4":[0,0],"5":[0,0],"6":[0,0],"7":[0,0],"8":[0,0],"9":[0,0],"10":[0,0],"11":[0,0,0],"12":[3,0],"13":[3,3],"14":[3,3],"15":[3,3],"16":[2,1],"17":[0,0],"18":[0,0],"19":[0,0],"20":[0,0],"21":[0,0],"22":[0,0],"23":[0,0],"24":[0,0,0],"25":[0,0],"26":[0,0],"27":[0,0],"28":[0,0],"29":[0,0],"30":[0,0]},"meta":{"lastBranch":31,"lastFunction":5,"lastStatement":68,"seen":{"s:14:65:197:Infinity":0,"f:15:15:15:16":0,"s:16:10:16:Infinity":1,"b:17:4:19:Infinity:undefined:undefined:undefined:undefined":0,"s:17:4:19:Infinity":2,"b:17:8:17:28:17:28:17:49":1,"s:18:6:18:Infinity":3,"s:20:10:20:Infinity":4,"s:21:20:21:Infinity":5,"b:22:4:25:Infinity:undefined:undefined:undefined:undefined":2,"s:22:4:25:Infinity":6,"s:23:6:23:Infinity":7,"s:24:6:24:Infinity":8,"b:26:4:30:Infinity:undefined:undefined:undefined:undefined":3,"s:26:4:30:Infinity":9,"s:27:6:27:Infinity":10,"s:28:6:28:Infinity":11,"s:29:6:29:Infinity":12,"b:31:4:35:Infinity:undefined:undefined:undefined:undefined":4,"s:31:4:35:Infinity":13,"s:32:6:32:Infinity":14,"s:33:6:33:Infinity":15,"s:34:6:34:Infinity":16,"b:36:4:38:Infinity:undefined:undefined:undefined:undefined":5,"s:36:4:38:Infinity":17,"s:37:6:37:Infinity":18,"b:39:4:41:Infinity:undefined:undefined:undefined:undefined":6,"s:39:4:41:Infinity":19,"s:40:6:40:Infinity":20,"s:42:4:42:Infinity":21,"f:44:18:44:19":1,"s:44:34:44:Infinity":22,"f:45:19:45:20":2,"s:46:19:46:Infinity":23,"b:46:53:46:74:46:74:46:Infinity":7,"b:47:4:49:Infinity:undefined:undefined:undefined:undefined":8,"s:47:4:49:Infinity":24,"s:48:6:48:Infinity":25,"s:50:15:50:Infinity":26,"b:50:45:50:55:50:55:50:Infinity":9,"b:51:4:53:Infinity:undefined:undefined:undefined:undefined":10,"s:51:4:53:Infinity":27,"s:52:6:52:Infinity":28,"s:54:4:54:Infinity":29,"f:56:16:56:23":3,"s:57:36:57:Infinity":30,"s:58:26:61:Infinity":31,"f:58:26:58:Infinity":4,"b:58:26:59:Infinity:59:38:60:Infinity:60:41:61:Infinity":11,"b:63:4:85:Infinity:undefined:undefined:undefined:undefined":12,"s:63:4:85:Infinity":32,"s:64:12:64:Infinity":33,"s:65:12:68:Infinity":34,"s:69:12:69:Infinity":35,"s:70:12:70:Infinity":36,"s:71:12:71:Infinity":37,"s:72:12:72:Infinity":38,"s:73:6:84:Infinity":39,"b:78:20:78:32:78:32:78:Infinity":13,"b:79:21:79:32:79:32:79:Infinity":14,"b:80:20:80:32:80:32:80:Infinity":15,"b:81:31:81:54:81:54:81:Infinity":16,"b:87:4:101:Infinity:undefined:undefined:undefined:undefined":17,"s:87:4:101:Infinity":40,"s:88:12:88:Infinity":41,"s:89:12:89:Infinity":42,"s:90:21:90:Infinity":43,"b:90:58:90:74:90:74:90:Infinity":18,"s:91:6:100:Infinity":44,"b:103:4:115:Infinity:undefined:undefined:undefined:undefined":19,"s:103:4:115:Infinity":45,"s:104:12:104:Infinity":46,"s:105:12:105:Infinity":47,"s:106:6:114:Infinity":48,"b:117:4:129:Infinity:undefined:undefined:undefined:undefined":20,"s:117:4:129:Infinity":49,"s:118:12:118:Infinity":50,"s:119:6:128:Infinity":51,"b:131:4:143:Infinity:undefined:undefined:undefined:undefined":21,"s:131:4:143:Infinity":52,"s:132:12:132:Infinity":53,"s:133:12:133:Infinity":54,"s:134:6:142:Infinity":55,"b:145:4:155:Infinity:undefined:undefined:undefined:undefined":22,"s:145:4:155:Infinity":56,"s:146:12:146:Infinity":57,"s:147:6:154:Infinity":58,"b:157:4:171:Infinity:undefined:undefined:undefined:undefined":23,"s:157:4:171:Infinity":59,"b:157:8:157:28:157:28:157:50:157:50:157:74":24,"s:159:8:161:Infinity":60,"b:160:12:160:Infinity:160:12:161:Infinity":25,"s:162:6:170:Infinity":61,"b:165:31:165:46:165:46:165:Infinity":26,"b:165:67:165:84:165:84:165:Infinity":27,"b:173:4:183:Infinity:undefined:undefined:undefined:undefined":28,"s:173:4:183:Infinity":62,"s:174:12:174:Infinity":63,"s:175:6:182:Infinity":64,"b:179:10:179:55:179:50:179:Infinity":29,"b:185:4:193:Infinity:undefined:undefined:undefined:undefined":30,"s:185:4:193:Infinity":65,"s:186:6:192:Infinity":66,"s:195:4:195:Infinity":67}}}
,"/root/work_code/matrix/src/channel.ts": {"path":"/root/work_code/matrix/src/channel.ts","statementMap":{"0":{"start":{"line":38,"column":39},"end":{"line":38,"column":null}},"1":{"start":{"line":40,"column":13},"end":{"line":49,"column":null}},"2":{"start":{"line":52,"column":19},"end":{"line":52,"column":null}},"3":{"start":{"line":53,"column":2},"end":{"line":55,"column":null}},"4":{"start":{"line":54,"column":4},"end":{"line":54,"column":null}},"5":{"start":{"line":56,"column":18},"end":{"line":56,"column":null}},"6":{"start":{"line":57,"column":2},"end":{"line":59,"column":null}},"7":{"start":{"line":58,"column":4},"end":{"line":58,"column":null}},"8":{"start":{"line":60,"column":19},"end":{"line":60,"column":null}},"9":{"start":{"line":61,"column":2},"end":{"line":61,"column":null}},"10":{"start":{"line":75,"column":19},"end":{"line":75,"column":null}},"11":{"start":{"line":76,"column":2},"end":{"line":93,"column":null}},"12":{"start":{"line":96,"column":66},"end":{"line":486,"column":null}},"13":{"start":{"line":102,"column":36},"end":{"line":102,"column":null}},"14":{"start":{"line":104,"column":6},"end":{"line":104,"column":null}},"15":{"start":{"line":117,"column":21},"end":{"line":117,"column":null}},"16":{"start":{"line":118,"column":26},"end":{"line":118,"column":null}},"17":{"start":{"line":119,"column":23},"end":{"line":119,"column":null}},"18":{"start":{"line":120,"column":50},"end":{"line":127,"column":null}},"19":{"start":{"line":128,"column":37},"end":{"line":142,"column":null}},"20":{"start":{"line":143,"column":31},"end":{"line":143,"column":null}},"21":{"start":{"line":144,"column":35},"end":{"line":150,"column":null}},"22":{"start":{"line":152,"column":12},"end":{"line":152,"column":null}},"23":{"start":{"line":153,"column":6},"end":{"line":153,"column":null}},"24":{"start":{"line":153,"column":80},"end":{"line":153,"column":93}},"25":{"start":{"line":155,"column":34},"end":{"line":155,"column":null}},"26":{"start":{"line":159,"column":24},"end":{"line":159,"column":null}},"27":{"start":{"line":161,"column":8},"end":{"line":163,"column":null}},"28":{"start":{"line":164,"column":6},"end":{"line":171,"column":null}},"29":{"start":{"line":170,"column":25},"end":{"line":170,"column":null}},"30":{"start":{"line":174,"column":12},"end":{"line":174,"column":null}},"31":{"start":{"line":175,"column":26},"end":{"line":179,"column":null}},"32":{"start":{"line":180,"column":6},"end":{"line":182,"column":null}},"33":{"start":{"line":181,"column":8},"end":{"line":181,"column":null}},"34":{"start":{"line":183,"column":6},"end":{"line":185,"column":null}},"35":{"start":{"line":193,"column":42},"end":{"line":194,"column":null}},"36":{"start":{"line":196,"column":28},"end":{"line":196,"column":null}},"37":{"start":{"line":197,"column":6},"end":{"line":202,"column":null}},"38":{"start":{"line":209,"column":24},"end":{"line":209,"column":null}},"39":{"start":{"line":210,"column":8},"end":{"line":212,"column":null}},"40":{"start":{"line":211,"column":10},"end":{"line":211,"column":null}},"41":{"start":{"line":213,"column":8},"end":{"line":215,"column":null}},"42":{"start":{"line":214,"column":10},"end":{"line":214,"column":null}},"43":{"start":{"line":216,"column":8},"end":{"line":216,"column":null}},"44":{"start":{"line":222,"column":22},"end":{"line":222,"column":null}},"45":{"start":{"line":224,"column":12},"end":{"line":224,"column":null}},"46":{"start":{"line":225,"column":16},"end":{"line":225,"column":null}},"47":{"start":{"line":226,"column":18},"end":{"line":226,"column":null}},"48":{"start":{"line":228,"column":6},"end":{"line":234,"column":null}},"49":{"start":{"line":229,"column":20},"end":{"line":229,"column":null}},"50":{"start":{"line":230,"column":8},"end":{"line":232,"column":null}},"51":{"start":{"line":231,"column":10},"end":{"line":231,"column":null}},"52":{"start":{"line":233,"column":8},"end":{"line":233,"column":null}},"53":{"start":{"line":236,"column":6},"end":{"line":242,"column":null}},"54":{"start":{"line":237,"column":20},"end":{"line":237,"column":null}},"55":{"start":{"line":238,"column":8},"end":{"line":240,"column":null}},"56":{"start":{"line":239,"column":10},"end":{"line":239,"column":null}},"57":{"start":{"line":241,"column":8},"end":{"line":241,"column":null}},"58":{"start":{"line":244,"column":21},"end":{"line":244,"column":null}},"59":{"start":{"line":245,"column":6},"end":{"line":253,"column":null}},"60":{"start":{"line":246,"column":8},"end":{"line":252,"column":null}},"61":{"start":{"line":247,"column":22},"end":{"line":247,"column":null}},"62":{"start":{"line":248,"column":10},"end":{"line":250,"column":null}},"63":{"start":{"line":249,"column":12},"end":{"line":249,"column":null}},"64":{"start":{"line":251,"column":10},"end":{"line":251,"column":null}},"65":{"start":{"line":255,"column":6},"end":{"line":276,"column":null}},"66":{"start":{"line":256,"column":22},"end":{"line":256,"column":32}},"67":{"start":{"line":259,"column":26},"end":{"line":259,"column":null}},"68":{"start":{"line":260,"column":26},"end":{"line":260,"column":null}},"69":{"start":{"line":261,"column":10},"end":{"line":263,"column":null}},"70":{"start":{"line":262,"column":12},"end":{"line":262,"column":null}},"71":{"start":{"line":264,"column":10},"end":{"line":264,"column":null}},"72":{"start":{"line":266,"column":25},"end":{"line":266,"column":65}},"73":{"start":{"line":269,"column":22},"end":{"line":269,"column":null}},"74":{"start":{"line":270,"column":29},"end":{"line":270,"column":null}},"75":{"start":{"line":271,"column":10},"end":{"line":275,"column":null}},"76":{"start":{"line":279,"column":12},"end":{"line":279,"column":null}},"77":{"start":{"line":280,"column":16},"end":{"line":280,"column":null}},"78":{"start":{"line":281,"column":21},"end":{"line":281,"column":null}},"79":{"start":{"line":282,"column":18},"end":{"line":298,"column":null}},"80":{"start":{"line":283,"column":22},"end":{"line":283,"column":32}},"81":{"start":{"line":284,"column":25},"end":{"line":284,"column":52}},"82":{"start":{"line":285,"column":22},"end":{"line":285,"column":50}},"83":{"start":{"line":287,"column":26},"end":{"line":287,"column":null}},"84":{"start":{"line":288,"column":10},"end":{"line":290,"column":null}},"85":{"start":{"line":289,"column":12},"end":{"line":289,"column":null}},"86":{"start":{"line":291,"column":10},"end":{"line":293,"column":null}},"87":{"start":{"line":292,"column":12},"end":{"line":292,"column":null}},"88":{"start":{"line":294,"column":10},"end":{"line":294,"column":null}},"89":{"start":{"line":296,"column":25},"end":{"line":296,"column":65}},"90":{"start":{"line":298,"column":22},"end":{"line":298,"column":53}},"91":{"start":{"line":299,"column":6},"end":{"line":299,"column":null}},"92":{"start":{"line":301,"column":57},"end":{"line":302,"column":null}},"93":{"start":{"line":303,"column":58},"end":{"line":304,"column":null}},"94":{"start":{"line":307,"column":56},"end":{"line":308,"column":null}},"95":{"start":{"line":312,"column":35},"end":{"line":312,"column":null}},"96":{"start":{"line":313,"column":46},"end":{"line":319,"column":null}},"97":{"start":{"line":321,"column":6},"end":{"line":323,"column":null}},"98":{"start":{"line":322,"column":8},"end":{"line":322,"column":null}},"99":{"start":{"line":324,"column":6},"end":{"line":326,"column":null}},"100":{"start":{"line":325,"column":8},"end":{"line":325,"column":null}},"101":{"start":{"line":327,"column":26},"end":{"line":327,"column":null}},"102":{"start":{"line":328,"column":23},"end":{"line":328,"column":null}},"103":{"start":{"line":329,"column":21},"end":{"line":329,"column":null}},"104":{"start":{"line":330,"column":6},"end":{"line":332,"column":null}},"105":{"start":{"line":331,"column":8},"end":{"line":331,"column":null}},"106":{"start":{"line":333,"column":6},"end":{"line":340,"column":null}},"107":{"start":{"line":334,"column":8},"end":{"line":336,"column":null}},"108":{"start":{"line":335,"column":10},"end":{"line":335,"column":null}},"109":{"start":{"line":337,"column":8},"end":{"line":339,"column":null}},"110":{"start":{"line":338,"column":10},"end":{"line":338,"column":null}},"111":{"start":{"line":341,"column":6},"end":{"line":341,"column":null}},"112":{"start":{"line":344,"column":12},"end":{"line":349,"column":null}},"113":{"start":{"line":350,"column":6},"end":{"line":361,"column":null}},"114":{"start":{"line":351,"column":8},"end":{"line":360,"column":null}},"115":{"start":{"line":362,"column":6},"end":{"line":369,"column":null}},"116":{"start":{"line":382,"column":6},"end":{"line":395,"column":null}},"117":{"start":{"line":383,"column":26},"end":{"line":383,"column":null}},"118":{"start":{"line":384,"column":8},"end":{"line":386,"column":null}},"119":{"start":{"line":385,"column":10},"end":{"line":385,"column":null}},"120":{"start":{"line":387,"column":8},"end":{"line":394,"column":null}},"121":{"start":{"line":396,"column":44},"end":{"line":405,"column":null}},"122":{"start":{"line":407,"column":6},"end":{"line":424,"column":null}},"123":{"start":{"line":408,"column":21},"end":{"line":411,"column":null}},"124":{"start":{"line":412,"column":8},"end":{"line":417,"column":null}},"125":{"start":{"line":419,"column":8},"end":{"line":423,"column":null}},"126":{"start":{"line":426,"column":60},"end":{"line":440,"column":null}},"127":{"start":{"line":444,"column":22},"end":{"line":444,"column":null}},"128":{"start":{"line":445,"column":6},"end":{"line":448,"column":null}},"129":{"start":{"line":449,"column":6},"end":{"line":449,"column":null}},"130":{"start":{"line":458,"column":27},"end":{"line":458,"column":null}},"131":{"start":{"line":459,"column":36},"end":{"line":459,"column":null}},"132":{"start":{"line":460,"column":6},"end":{"line":462,"column":null}},"133":{"start":{"line":461,"column":8},"end":{"line":461,"column":null}},"134":{"start":{"line":463,"column":6},"end":{"line":463,"column":null}},"135":{"start":{"line":468,"column":6},"end":{"line":474,"column":null}},"136":{"start":{"line":469,"column":23},"end":{"line":469,"column":null}},"137":{"start":{"line":470,"column":8},"end":{"line":470,"column":null}},"138":{"start":{"line":473,"column":8},"end":{"line":473,"column":null}},"139":{"start":{"line":476,"column":6},"end":{"line":483,"column":null}}},"fnMap":{"0":{"name":"normalizeMatrixMessagingTarget","decl":{"start":{"line":51,"column":9},"end":{"line":51,"column":40}},"loc":{"start":{"line":51,"column":73},"end":{"line":62,"column":null}},"line":51},"1":{"name":"buildMatrixConfigUpdate","decl":{"start":{"line":64,"column":9},"end":{"line":64,"column":null}},"loc":{"start":{"line":74,"column":14},"end":{"line":94,"column":null}},"line":74},"2":{"name":"(anonymous_2)","decl":{"start":{"line":102,"column":25},"end":{"line":102,"column":26}},"loc":{"start":{"line":102,"column":36},"end":{"line":102,"column":null}},"line":102},"3":{"name":"(anonymous_3)","decl":{"start":{"line":103,"column":20},"end":{"line":103,"column":27}},"loc":{"start":{"line":103,"column":38},"end":{"line":105,"column":null}},"line":103},"4":{"name":"(anonymous_4)","decl":{"start":{"line":117,"column":20},"end":{"line":117,"column":21}},"loc":{"start":{"line":117,"column":21},"end":{"line":117,"column":null}},"line":117},"5":{"name":"(anonymous_5)","decl":{"start":{"line":118,"column":20},"end":{"line":118,"column":21}},"loc":{"start":{"line":118,"column":26},"end":{"line":118,"column":null}},"line":118},"6":{"name":"(anonymous_6)","decl":{"start":{"line":119,"column":22},"end":{"line":119,"column":23}},"loc":{"start":{"line":119,"column":23},"end":{"line":119,"column":null}},"line":119},"7":{"name":"(anonymous_7)","decl":{"start":{"line":120,"column":23},"end":{"line":120,"column":24}},"loc":{"start":{"line":120,"column":50},"end":{"line":127,"column":null}},"line":120},"8":{"name":"(anonymous_8)","decl":{"start":{"line":128,"column":19},"end":{"line":128,"column":20}},"loc":{"start":{"line":128,"column":37},"end":{"line":142,"column":null}},"line":128},"9":{"name":"(anonymous_9)","decl":{"start":{"line":143,"column":18},"end":{"line":143,"column":19}},"loc":{"start":{"line":143,"column":31},"end":{"line":143,"column":null}},"line":143},"10":{"name":"(anonymous_10)","decl":{"start":{"line":144,"column":21},"end":{"line":144,"column":22}},"loc":{"start":{"line":144,"column":35},"end":{"line":150,"column":null}},"line":144},"11":{"name":"(anonymous_11)","decl":{"start":{"line":151,"column":22},"end":{"line":151,"column":23}},"loc":{"start":{"line":151,"column":46},"end":{"line":154,"column":null}},"line":151},"12":{"name":"(anonymous_12)","decl":{"start":{"line":153,"column":52},"end":{"line":153,"column":53}},"loc":{"start":{"line":153,"column":80},"end":{"line":153,"column":93}},"line":153},"13":{"name":"(anonymous_13)","decl":{"start":{"line":155,"column":21},"end":{"line":155,"column":22}},"loc":{"start":{"line":155,"column":34},"end":{"line":155,"column":null}},"line":155},"14":{"name":"(anonymous_14)","decl":{"start":{"line":158,"column":21},"end":{"line":158,"column":22}},"loc":{"start":{"line":158,"column":38},"end":{"line":172,"column":null}},"line":158},"15":{"name":"(anonymous_15)","decl":{"start":{"line":170,"column":24},"end":{"line":170,"column":25}},"loc":{"start":{"line":170,"column":25},"end":{"line":170,"column":null}},"line":170},"16":{"name":"(anonymous_16)","decl":{"start":{"line":173,"column":21},"end":{"line":173,"column":22}},"loc":{"start":{"line":173,"column":43},"end":{"line":186,"column":null}},"line":173},"17":{"name":"(anonymous_17)","decl":{"start":{"line":193,"column":24},"end":{"line":193,"column":25}},"loc":{"start":{"line":193,"column":42},"end":{"line":194,"column":null}},"line":193},"18":{"name":"(anonymous_18)","decl":{"start":{"line":195,"column":22},"end":{"line":195,"column":23}},"loc":{"start":{"line":195,"column":54},"end":{"line":203,"column":null}},"line":195},"19":{"name":"(anonymous_19)","decl":{"start":{"line":208,"column":19},"end":{"line":208,"column":20}},"loc":{"start":{"line":208,"column":28},"end":{"line":217,"column":null}},"line":208},"20":{"name":"(anonymous_20)","decl":{"start":{"line":222,"column":10},"end":{"line":222,"column":22}},"loc":{"start":{"line":222,"column":22},"end":{"line":222,"column":null}},"line":222},"21":{"name":"(anonymous_21)","decl":{"start":{"line":223,"column":15},"end":{"line":223,"column":22}},"loc":{"start":{"line":223,"column":59},"end":{"line":277,"column":null}},"line":223},"22":{"name":"(anonymous_22)","decl":{"start":{"line":256,"column":13},"end":{"line":256,"column":14}},"loc":{"start":{"line":256,"column":22},"end":{"line":256,"column":32}},"line":256},"23":{"name":"(anonymous_23)","decl":{"start":{"line":258,"column":13},"end":{"line":258,"column":14}},"loc":{"start":{"line":258,"column":22},"end":{"line":265,"column":9}},"line":258},"24":{"name":"(anonymous_24)","decl":{"start":{"line":266,"column":16},"end":{"line":266,"column":17}},"loc":{"start":{"line":266,"column":25},"end":{"line":266,"column":65}},"line":266},"25":{"name":"(anonymous_25)","decl":{"start":{"line":268,"column":13},"end":{"line":268,"column":14}},"loc":{"start":{"line":268,"column":21},"end":{"line":276,"column":9}},"line":268},"26":{"name":"(anonymous_26)","decl":{"start":{"line":278,"column":16},"end":{"line":278,"column":23}},"loc":{"start":{"line":278,"column":60},"end":{"line":300,"column":null}},"line":278},"27":{"name":"(anonymous_27)","decl":{"start":{"line":283,"column":13},"end":{"line":283,"column":14}},"loc":{"start":{"line":283,"column":22},"end":{"line":283,"column":32}},"line":283},"28":{"name":"(anonymous_28)","decl":{"start":{"line":284,"column":16},"end":{"line":284,"column":17}},"loc":{"start":{"line":284,"column":25},"end":{"line":284,"column":52}},"line":284},"29":{"name":"(anonymous_29)","decl":{"start":{"line":285,"column":13},"end":{"line":285,"column":14}},"loc":{"start":{"line":285,"column":22},"end":{"line":285,"column":50}},"line":285},"30":{"name":"(anonymous_30)","decl":{"start":{"line":286,"column":13},"end":{"line":286,"column":14}},"loc":{"start":{"line":286,"column":22},"end":{"line":295,"column":9}},"line":286},"31":{"name":"(anonymous_31)","decl":{"start":{"line":296,"column":16},"end":{"line":296,"column":17}},"loc":{"start":{"line":296,"column":25},"end":{"line":296,"column":65}},"line":296},"32":{"name":"(anonymous_32)","decl":{"start":{"line":298,"column":13},"end":{"line":298,"column":14}},"loc":{"start":{"line":298,"column":22},"end":{"line":298,"column":53}},"line":298},"33":{"name":"(anonymous_33)","decl":{"start":{"line":301,"column":19},"end":{"line":301,"column":26}},"loc":{"start":{"line":301,"column":57},"end":{"line":302,"column":null}},"line":301},"34":{"name":"(anonymous_34)","decl":{"start":{"line":303,"column":20},"end":{"line":303,"column":27}},"loc":{"start":{"line":303,"column":58},"end":{"line":304,"column":null}},"line":303},"35":{"name":"(anonymous_35)","decl":{"start":{"line":307,"column":20},"end":{"line":307,"column":27}},"loc":{"start":{"line":307,"column":56},"end":{"line":308,"column":null}},"line":307},"36":{"name":"(anonymous_36)","decl":{"start":{"line":312,"column":22},"end":{"line":312,"column":23}},"loc":{"start":{"line":312,"column":35},"end":{"line":312,"column":null}},"line":312},"37":{"name":"(anonymous_37)","decl":{"start":{"line":313,"column":22},"end":{"line":313,"column":23}},"loc":{"start":{"line":313,"column":46},"end":{"line":319,"column":null}},"line":313},"38":{"name":"(anonymous_38)","decl":{"start":{"line":320,"column":19},"end":{"line":320,"column":20}},"loc":{"start":{"line":320,"column":34},"end":{"line":342,"column":null}},"line":320},"39":{"name":"(anonymous_39)","decl":{"start":{"line":343,"column":24},"end":{"line":343,"column":25}},"loc":{"start":{"line":343,"column":44},"end":{"line":370,"column":null}},"line":343},"40":{"name":"(anonymous_40)","decl":{"start":{"line":381,"column":25},"end":{"line":381,"column":26}},"loc":{"start":{"line":382,"column":6},"end":{"line":395,"column":null}},"line":382},"41":{"name":"(anonymous_41)","decl":{"start":{"line":382,"column":23},"end":{"line":382,"column":24}},"loc":{"start":{"line":382,"column":36},"end":{"line":395,"column":7}},"line":382},"42":{"name":"(anonymous_42)","decl":{"start":{"line":396,"column":25},"end":{"line":396,"column":26}},"loc":{"start":{"line":396,"column":44},"end":{"line":405,"column":null}},"line":396},"43":{"name":"(anonymous_43)","decl":{"start":{"line":406,"column":18},"end":{"line":406,"column":25}},"loc":{"start":{"line":406,"column":57},"end":{"line":425,"column":null}},"line":406},"44":{"name":"(anonymous_44)","decl":{"start":{"line":426,"column":26},"end":{"line":426,"column":27}},"loc":{"start":{"line":426,"column":60},"end":{"line":440,"column":null}},"line":426},"45":{"name":"(anonymous_45)","decl":{"start":{"line":443,"column":18},"end":{"line":443,"column":25}},"loc":{"start":{"line":443,"column":33},"end":{"line":484,"column":null}},"line":443},"46":{"name":"(anonymous_46)","decl":{"start":{"line":459,"column":36},"end":{"line":459,"column":42}},"loc":{"start":{"line":459,"column":42},"end":{"line":459,"column":null}},"line":459},"47":{"name":"(anonymous_47)","decl":{"start":{"line":460,"column":44},"end":{"line":460,"column":45}},"loc":{"start":{"line":460,"column":57},"end":{"line":462,"column":7}},"line":460}},"branchMap":{"0":{"loc":{"start":{"line":53,"column":2},"end":{"line":55,"column":null}},"type":"if","locations":[{"start":{"line":53,"column":2},"end":{"line":55,"column":null}},{"start":{},"end":{}}],"line":53},"1":{"loc":{"start":{"line":57,"column":2},"end":{"line":59,"column":null}},"type":"if","locations":[{"start":{"line":57,"column":2},"end":{"line":59,"column":null}},{"start":{},"end":{}}],"line":57},"2":{"loc":{"start":{"line":61,"column":9},"end":{"line":61,"column":null}},"type":"binary-expr","locations":[{"start":{"line":61,"column":9},"end":{"line":61,"column":21}},{"start":{"line":61,"column":21},"end":{"line":61,"column":null}}],"line":61},"3":{"loc":{"start":{"line":75,"column":19},"end":{"line":75,"column":null}},"type":"binary-expr","locations":[{"start":{"line":75,"column":19},"end":{"line":75,"column":43}},{"start":{"line":75,"column":43},"end":{"line":75,"column":null}}],"line":75},"4":{"loc":{"start":{"line":83,"column":12},"end":{"line":83,"column":null}},"type":"cond-expr","locations":[{"start":{"line":83,"column":31},"end":{"line":83,"column":66}},{"start":{"line":83,"column":66},"end":{"line":83,"column":null}}],"line":83},"5":{"loc":{"start":{"line":84,"column":12},"end":{"line":84,"column":null}},"type":"cond-expr","locations":[{"start":{"line":84,"column":27},"end":{"line":84,"column":54}},{"start":{"line":84,"column":54},"end":{"line":84,"column":null}}],"line":84},"6":{"loc":{"start":{"line":85,"column":12},"end":{"line":85,"column":null}},"type":"cond-expr","locations":[{"start":{"line":85,"column":32},"end":{"line":85,"column":69}},{"start":{"line":85,"column":69},"end":{"line":85,"column":null}}],"line":85},"7":{"loc":{"start":{"line":86,"column":12},"end":{"line":86,"column":null}},"type":"cond-expr","locations":[{"start":{"line":86,"column":29},"end":{"line":86,"column":60}},{"start":{"line":86,"column":60},"end":{"line":86,"column":null}}],"line":86},"8":{"loc":{"start":{"line":87,"column":12},"end":{"line":87,"column":null}},"type":"cond-expr","locations":[{"start":{"line":87,"column":31},"end":{"line":87,"column":66}},{"start":{"line":87,"column":66},"end":{"line":87,"column":null}}],"line":87},"9":{"loc":{"start":{"line":88,"column":12},"end":{"line":90,"column":null}},"type":"cond-expr","locations":[{"start":{"line":89,"column":12},"end":{"line":89,"column":null}},{"start":{"line":90,"column":12},"end":{"line":90,"column":null}}],"line":88},"10":{"loc":{"start":{"line":153,"column":14},"end":{"line":153,"column":48}},"type":"binary-expr","locations":[{"start":{"line":153,"column":14},"end":{"line":153,"column":44}},{"start":{"line":153,"column":44},"end":{"line":153,"column":48}}],"line":153},"11":{"loc":{"start":{"line":161,"column":8},"end":{"line":163,"column":null}},"type":"cond-expr","locations":[{"start":{"line":162,"column":12},"end":{"line":162,"column":null}},{"start":{"line":163,"column":12},"end":{"line":163,"column":null}}],"line":161},"12":{"loc":{"start":{"line":161,"column":8},"end":{"line":161,"column":null}},"type":"binary-expr","locations":[{"start":{"line":161,"column":8},"end":{"line":161,"column":21}},{"start":{"line":161,"column":21},"end":{"line":161,"column":null}}],"line":161},"13":{"loc":{"start":{"line":165,"column":16},"end":{"line":165,"column":null}},"type":"binary-expr","locations":[{"start":{"line":165,"column":16},"end":{"line":165,"column":45}},{"start":{"line":165,"column":45},"end":{"line":165,"column":null}}],"line":165},"14":{"loc":{"start":{"line":166,"column":19},"end":{"line":166,"column":null}},"type":"binary-expr","locations":[{"start":{"line":166,"column":19},"end":{"line":166,"column":51}},{"start":{"line":166,"column":51},"end":{"line":166,"column":null}}],"line":166},"15":{"loc":{"start":{"line":180,"column":6},"end":{"line":182,"column":null}},"type":"if","locations":[{"start":{"line":180,"column":6},"end":{"line":182,"column":null}},{"start":{},"end":{}}],"line":180},"16":{"loc":{"start":{"line":193,"column":42},"end":{"line":194,"column":null}},"type":"binary-expr","locations":[{"start":{"line":193,"column":42},"end":{"line":194,"column":87}},{"start":{"line":194,"column":87},"end":{"line":194,"column":null}}],"line":193},"17":{"loc":{"start":{"line":198,"column":26},"end":{"line":198,"column":null}},"type":"binary-expr","locations":[{"start":{"line":198,"column":26},"end":{"line":198,"column":51}},{"start":{"line":198,"column":51},"end":{"line":198,"column":null}}],"line":198},"18":{"loc":{"start":{"line":200,"column":10},"end":{"line":200,"column":null}},"type":"cond-expr","locations":[{"start":{"line":200,"column":44},"end":{"line":200,"column":78}},{"start":{"line":200,"column":78},"end":{"line":200,"column":null}}],"line":200},"19":{"loc":{"start":{"line":210,"column":8},"end":{"line":212,"column":null}},"type":"if","locations":[{"start":{"line":210,"column":8},"end":{"line":212,"column":null}},{"start":{},"end":{}}],"line":210},"20":{"loc":{"start":{"line":213,"column":8},"end":{"line":215,"column":null}},"type":"if","locations":[{"start":{"line":213,"column":8},"end":{"line":215,"column":null}},{"start":{},"end":{}}],"line":213},"21":{"loc":{"start":{"line":225,"column":16},"end":{"line":225,"column":null}},"type":"binary-expr","locations":[{"start":{"line":225,"column":16},"end":{"line":225,"column":47}},{"start":{"line":225,"column":47},"end":{"line":225,"column":null}}],"line":225},"22":{"loc":{"start":{"line":228,"column":26},"end":{"line":228,"column":62}},"type":"binary-expr","locations":[{"start":{"line":228,"column":26},"end":{"line":228,"column":58}},{"start":{"line":228,"column":58},"end":{"line":228,"column":62}}],"line":228},"23":{"loc":{"start":{"line":230,"column":8},"end":{"line":232,"column":null}},"type":"if","locations":[{"start":{"line":230,"column":8},"end":{"line":232,"column":null}},{"start":{},"end":{}}],"line":230},"24":{"loc":{"start":{"line":230,"column":12},"end":{"line":230,"column":33}},"type":"binary-expr","locations":[{"start":{"line":230,"column":12},"end":{"line":230,"column":20}},{"start":{"line":230,"column":20},"end":{"line":230,"column":33}}],"line":230},"25":{"loc":{"start":{"line":236,"column":26},"end":{"line":236,"column":63}},"type":"binary-expr","locations":[{"start":{"line":236,"column":26},"end":{"line":236,"column":59}},{"start":{"line":236,"column":59},"end":{"line":236,"column":63}}],"line":236},"26":{"loc":{"start":{"line":238,"column":8},"end":{"line":240,"column":null}},"type":"if","locations":[{"start":{"line":238,"column":8},"end":{"line":240,"column":null}},{"start":{},"end":{}}],"line":238},"27":{"loc":{"start":{"line":238,"column":12},"end":{"line":238,"column":33}},"type":"binary-expr","locations":[{"start":{"line":238,"column":12},"end":{"line":238,"column":20}},{"start":{"line":238,"column":20},"end":{"line":238,"column":33}}],"line":238},"28":{"loc":{"start":{"line":244,"column":21},"end":{"line":244,"column":null}},"type":"binary-expr","locations":[{"start":{"line":244,"column":21},"end":{"line":244,"column":46}},{"start":{"line":244,"column":46},"end":{"line":244,"column":70}},{"start":{"line":244,"column":70},"end":{"line":244,"column":null}}],"line":244},"29":{"loc":{"start":{"line":246,"column":28},"end":{"line":246,"column":46}},"type":"binary-expr","locations":[{"start":{"line":246,"column":28},"end":{"line":246,"column":42}},{"start":{"line":246,"column":42},"end":{"line":246,"column":46}}],"line":246},"30":{"loc":{"start":{"line":248,"column":10},"end":{"line":250,"column":null}},"type":"if","locations":[{"start":{"line":248,"column":10},"end":{"line":250,"column":null}},{"start":{},"end":{}}],"line":248},"31":{"loc":{"start":{"line":248,"column":14},"end":{"line":248,"column":35}},"type":"binary-expr","locations":[{"start":{"line":248,"column":14},"end":{"line":248,"column":22}},{"start":{"line":248,"column":22},"end":{"line":248,"column":35}}],"line":248},"32":{"loc":{"start":{"line":260,"column":26},"end":{"line":260,"column":null}},"type":"cond-expr","locations":[{"start":{"line":260,"column":56},"end":{"line":260,"column":91}},{"start":{"line":260,"column":91},"end":{"line":260,"column":null}}],"line":260},"33":{"loc":{"start":{"line":261,"column":10},"end":{"line":263,"column":null}},"type":"if","locations":[{"start":{"line":261,"column":10},"end":{"line":263,"column":null}},{"start":{},"end":{}}],"line":261},"34":{"loc":{"start":{"line":266,"column":25},"end":{"line":266,"column":65}},"type":"cond-expr","locations":[{"start":{"line":266,"column":29},"end":{"line":266,"column":60}},{"start":{"line":266,"column":60},"end":{"line":266,"column":65}}],"line":266},"35":{"loc":{"start":{"line":267,"column":18},"end":{"line":267,"column":56}},"type":"cond-expr","locations":[{"start":{"line":267,"column":39},"end":{"line":267,"column":47}},{"start":{"line":267,"column":47},"end":{"line":267,"column":56}}],"line":267},"36":{"loc":{"start":{"line":267,"column":18},"end":{"line":267,"column":39}},"type":"binary-expr","locations":[{"start":{"line":267,"column":18},"end":{"line":267,"column":27}},{"start":{"line":267,"column":27},"end":{"line":267,"column":39}}],"line":267},"37":{"loc":{"start":{"line":269,"column":22},"end":{"line":269,"column":null}},"type":"cond-expr","locations":[{"start":{"line":269,"column":47},"end":{"line":269,"column":74}},{"start":{"line":269,"column":74},"end":{"line":269,"column":null}}],"line":269},"38":{"loc":{"start":{"line":270,"column":29},"end":{"line":270,"column":null}},"type":"binary-expr","locations":[{"start":{"line":270,"column":29},"end":{"line":270,"column":53}},{"start":{"line":270,"column":53},"end":{"line":270,"column":null}}],"line":270},"39":{"loc":{"start":{"line":274,"column":16},"end":{"line":274,"column":null}},"type":"cond-expr","locations":[{"start":{"line":274,"column":29},"end":{"line":274,"column":80}},{"start":{"line":274,"column":80},"end":{"line":274,"column":null}}],"line":274},"40":{"loc":{"start":{"line":280,"column":16},"end":{"line":280,"column":null}},"type":"binary-expr","locations":[{"start":{"line":280,"column":16},"end":{"line":280,"column":47}},{"start":{"line":280,"column":47},"end":{"line":280,"column":null}}],"line":280},"41":{"loc":{"start":{"line":281,"column":21},"end":{"line":281,"column":null}},"type":"binary-expr","locations":[{"start":{"line":281,"column":21},"end":{"line":281,"column":46}},{"start":{"line":281,"column":46},"end":{"line":281,"column":70}},{"start":{"line":281,"column":70},"end":{"line":281,"column":null}}],"line":281},"42":{"loc":{"start":{"line":284,"column":25},"end":{"line":284,"column":52}},"type":"binary-expr","locations":[{"start":{"line":284,"column":25},"end":{"line":284,"column":41}},{"start":{"line":284,"column":41},"end":{"line":284,"column":52}}],"line":284},"43":{"loc":{"start":{"line":288,"column":10},"end":{"line":290,"column":null}},"type":"if","locations":[{"start":{"line":288,"column":10},"end":{"line":290,"column":null}},{"start":{},"end":{}}],"line":288},"44":{"loc":{"start":{"line":288,"column":14},"end":{"line":288,"column":77}},"type":"binary-expr","locations":[{"start":{"line":288,"column":14},"end":{"line":288,"column":45}},{"start":{"line":288,"column":45},"end":{"line":288,"column":77}}],"line":288},"45":{"loc":{"start":{"line":291,"column":10},"end":{"line":293,"column":null}},"type":"if","locations":[{"start":{"line":291,"column":10},"end":{"line":293,"column":null}},{"start":{},"end":{}}],"line":291},"46":{"loc":{"start":{"line":296,"column":25},"end":{"line":296,"column":65}},"type":"cond-expr","locations":[{"start":{"line":296,"column":29},"end":{"line":296,"column":60}},{"start":{"line":296,"column":60},"end":{"line":296,"column":65}}],"line":296},"47":{"loc":{"start":{"line":297,"column":18},"end":{"line":297,"column":56}},"type":"cond-expr","locations":[{"start":{"line":297,"column":39},"end":{"line":297,"column":47}},{"start":{"line":297,"column":47},"end":{"line":297,"column":56}}],"line":297},"48":{"loc":{"start":{"line":297,"column":18},"end":{"line":297,"column":39}},"type":"binary-expr","locations":[{"start":{"line":297,"column":18},"end":{"line":297,"column":27}},{"start":{"line":297,"column":27},"end":{"line":297,"column":39}}],"line":297},"49":{"loc":{"start":{"line":321,"column":6},"end":{"line":323,"column":null}},"type":"if","locations":[{"start":{"line":321,"column":6},"end":{"line":323,"column":null}},{"start":{},"end":{}}],"line":321},"50":{"loc":{"start":{"line":324,"column":6},"end":{"line":326,"column":null}},"type":"if","locations":[{"start":{"line":324,"column":6},"end":{"line":326,"column":null}},{"start":{},"end":{}}],"line":324},"51":{"loc":{"start":{"line":330,"column":6},"end":{"line":332,"column":null}},"type":"if","locations":[{"start":{"line":330,"column":6},"end":{"line":332,"column":null}},{"start":{},"end":{}}],"line":330},"52":{"loc":{"start":{"line":330,"column":10},"end":{"line":330,"column":37}},"type":"binary-expr","locations":[{"start":{"line":330,"column":10},"end":{"line":330,"column":26}},{"start":{"line":330,"column":26},"end":{"line":330,"column":37}}],"line":330},"53":{"loc":{"start":{"line":333,"column":6},"end":{"line":340,"column":null}},"type":"if","locations":[{"start":{"line":333,"column":6},"end":{"line":340,"column":null}},{"start":{},"end":{}}],"line":333},"54":{"loc":{"start":{"line":334,"column":8},"end":{"line":336,"column":null}},"type":"if","locations":[{"start":{"line":334,"column":8},"end":{"line":336,"column":null}},{"start":{},"end":{}}],"line":334},"55":{"loc":{"start":{"line":337,"column":8},"end":{"line":339,"column":null}},"type":"if","locations":[{"start":{"line":337,"column":8},"end":{"line":339,"column":null}},{"start":{},"end":{}}],"line":337},"56":{"loc":{"start":{"line":350,"column":6},"end":{"line":361,"column":null}},"type":"if","locations":[{"start":{"line":350,"column":6},"end":{"line":361,"column":null}},{"start":{},"end":{}}],"line":350},"57":{"loc":{"start":{"line":383,"column":26},"end":{"line":383,"column":null}},"type":"cond-expr","locations":[{"start":{"line":383,"column":66},"end":{"line":383,"column":93}},{"start":{"line":383,"column":93},"end":{"line":383,"column":null}}],"line":383},"58":{"loc":{"start":{"line":384,"column":8},"end":{"line":386,"column":null}},"type":"if","locations":[{"start":{"line":384,"column":8},"end":{"line":386,"column":null}},{"start":{},"end":{}}],"line":384},"59":{"loc":{"start":{"line":397,"column":18},"end":{"line":397,"column":null}},"type":"binary-expr","locations":[{"start":{"line":397,"column":18},"end":{"line":397,"column":41}},{"start":{"line":397,"column":41},"end":{"line":397,"column":null}}],"line":397},"60":{"loc":{"start":{"line":398,"column":15},"end":{"line":398,"column":null}},"type":"binary-expr","locations":[{"start":{"line":398,"column":15},"end":{"line":398,"column":35}},{"start":{"line":398,"column":35},"end":{"line":398,"column":null}}],"line":398},"61":{"loc":{"start":{"line":399,"column":15},"end":{"line":399,"column":null}},"type":"binary-expr","locations":[{"start":{"line":399,"column":15},"end":{"line":399,"column":35}},{"start":{"line":399,"column":35},"end":{"line":399,"column":null}}],"line":399},"62":{"loc":{"start":{"line":400,"column":19},"end":{"line":400,"column":null}},"type":"binary-expr","locations":[{"start":{"line":400,"column":19},"end":{"line":400,"column":43}},{"start":{"line":400,"column":43},"end":{"line":400,"column":null}}],"line":400},"63":{"loc":{"start":{"line":401,"column":18},"end":{"line":401,"column":null}},"type":"binary-expr","locations":[{"start":{"line":401,"column":18},"end":{"line":401,"column":41}},{"start":{"line":401,"column":41},"end":{"line":401,"column":null}}],"line":401},"64":{"loc":{"start":{"line":402,"column":17},"end":{"line":402,"column":null}},"type":"binary-expr","locations":[{"start":{"line":402,"column":17},"end":{"line":402,"column":39}},{"start":{"line":402,"column":39},"end":{"line":402,"column":null}}],"line":402},"65":{"loc":{"start":{"line":404,"column":19},"end":{"line":404,"column":null}},"type":"binary-expr","locations":[{"start":{"line":404,"column":19},"end":{"line":404,"column":43}},{"start":{"line":404,"column":43},"end":{"line":404,"column":null}}],"line":404},"66":{"loc":{"start":{"line":421,"column":17},"end":{"line":421,"column":null}},"type":"cond-expr","locations":[{"start":{"line":421,"column":40},"end":{"line":421,"column":54}},{"start":{"line":421,"column":54},"end":{"line":421,"column":null}}],"line":421},"67":{"loc":{"start":{"line":432,"column":15},"end":{"line":432,"column":null}},"type":"binary-expr","locations":[{"start":{"line":432,"column":15},"end":{"line":432,"column":35}},{"start":{"line":432,"column":35},"end":{"line":432,"column":null}}],"line":432},"68":{"loc":{"start":{"line":433,"column":19},"end":{"line":433,"column":null}},"type":"binary-expr","locations":[{"start":{"line":433,"column":19},"end":{"line":433,"column":43}},{"start":{"line":433,"column":43},"end":{"line":433,"column":null}}],"line":433},"69":{"loc":{"start":{"line":434,"column":18},"end":{"line":434,"column":null}},"type":"binary-expr","locations":[{"start":{"line":434,"column":18},"end":{"line":434,"column":41}},{"start":{"line":434,"column":41},"end":{"line":434,"column":null}}],"line":434},"70":{"loc":{"start":{"line":435,"column":17},"end":{"line":435,"column":null}},"type":"binary-expr","locations":[{"start":{"line":435,"column":17},"end":{"line":435,"column":39}},{"start":{"line":435,"column":39},"end":{"line":435,"column":null}}],"line":435},"71":{"loc":{"start":{"line":437,"column":19},"end":{"line":437,"column":null}},"type":"binary-expr","locations":[{"start":{"line":437,"column":19},"end":{"line":437,"column":43}},{"start":{"line":437,"column":43},"end":{"line":437,"column":null}}],"line":437},"72":{"loc":{"start":{"line":438,"column":21},"end":{"line":438,"column":null}},"type":"binary-expr","locations":[{"start":{"line":438,"column":21},"end":{"line":438,"column":47}},{"start":{"line":438,"column":47},"end":{"line":438,"column":null}}],"line":438},"73":{"loc":{"start":{"line":439,"column":22},"end":{"line":439,"column":null}},"type":"binary-expr","locations":[{"start":{"line":439,"column":22},"end":{"line":439,"column":49}},{"start":{"line":439,"column":49},"end":{"line":439,"column":null}}],"line":439},"74":{"loc":{"start":{"line":449,"column":65},"end":{"line":449,"column":95}},"type":"binary-expr","locations":[{"start":{"line":449,"column":65},"end":{"line":449,"column":87}},{"start":{"line":449,"column":87},"end":{"line":449,"column":95}}],"line":449}},"s":{"0":1,"1":1,"2":0,"3":0,"4":0,"5":0,"6":0,"7":0,"8":0,"9":0,"10":0,"11":0,"12":1,"13":0,"14":0,"15":0,"16":0,"17":0,"18":0,"19":0,"20":0,"21":0,"22":0,"23":0,"24":0,"25":0,"26":0,"27":0,"28":0,"29":0,"30":0,"31":0,"32":0,"33":0,"34":0,"35":2,"36":0,"37":0,"38":0,"39":0,"40":0,"41":0,"42":0,"43":0,"44":0,"45":1,"46":1,"47":1,"48":1,"49":2,"50":2,"51":0,"52":2,"53":1,"54":1,"55":1,"56":0,"57":1,"58":1,"59":1,"60":2,"61":1,"62":1,"63":0,"64":1,"65":1,"66":4,"67":4,"68":4,"69":4,"70":3,"71":1,"72":4,"73":4,"74":4,"75":4,"76":1,"77":1,"78":1,"79":1,"80":2,"81":2,"82":2,"83":2,"84":2,"85":0,"86":2,"87":1,"88":1,"89":2,"90":2,"91":1,"92":0,"93":0,"94":0,"95":0,"96":0,"97":0,"98":0,"99":0,"100":0,"101":0,"102":0,"103":0,"104":0,"105":0,"106":0,"107":0,"108":0,"109":0,"110":0,"111":0,"112":0,"113":0,"114":0,"115":0,"116":0,"117":0,"118":0,"119":0,"120":0,"121":0,"122":0,"123":0,"124":0,"125":0,"126":0,"127":0,"128":0,"129":0,"130":0,"131":0,"132":0,"133":0,"134":0,"135":0,"136":0,"137":0,"138":0,"139":0},"f":{"0":0,"1":0,"2":0,"3":0,"4":0,"5":0,"6":0,"7":0,"8":0,"9":0,"10":0,"11":0,"12":0,"13":0,"14":0,"15":0,"16":0,"17":2,"18":0,"19":0,"20":0,"21":1,"22":4,"23":4,"24":4,"25":4,"26":1,"27":2,"28":2,"29":2,"30":2,"31":2,"32":2,"33":0,"34":0,"35":0,"36":0,"37":0,"38":0,"39":0,"40":0,"41":0,"42":0,"43":0,"44":0,"45":0,"46":0,"47":0},"b":{"0":[0,0],"1":[0,0],"2":[0,0],"3":[0,0],"4":[0,0],"5":[0,0],"6":[0,0],"7":[0,0],"8":[0,0],"9":[0,0],"10":[0,0],"11":[0,0],"12":[0,0],"13":[0,0],"14":[0,0],"15":[0,0],"16":[2,0],"17":[0,0],"18":[0,0],"19":[0,0],"20":[0,0],"21":[1,1],"22":[1,0],"23":[0,2],"24":[2,2],"25":[1,0],"26":[0,1],"27":[1,1],"28":[1,0,0],"29":[2,0],"30":[0,1],"31":[1,1],"32":[0,4],"33":[3,1],"34":[0,4],"35":[0,1],"36":[1,0],"37":[3,1],"38":[4,3],"39":[1,3],"40":[1,1],"41":[1,0,0],"42":[2,2],"43":[0,2],"44":[2,2],"45":[1,1],"46":[0,2],"47":[0,1],"48":[1,0],"49":[0,0],"50":[0,0],"51":[0,0],"52":[0,0],"53":[0,0],"54":[0,0],"55":[0,0],"56":[0,0],"57":[0,0],"58":[0,0],"59":[0,0],"60":[0,0],"61":[0,0],"62":[0,0],"63":[0,0],"64":[0,0],"65":[0,0],"66":[0,0],"67":[0,0],"68":[0,0],"69":[0,0],"70":[0,0],"71":[0,0],"72":[0,0],"73":[0,0],"74":[0,0]},"meta":{"lastBranch":75,"lastFunction":48,"lastStatement":140,"seen":{"s:38:39:38:Infinity":0,"s:40:13:49:Infinity":1,"f:51:9:51:40":0,"s:52:19:52:Infinity":2,"b:53:2:55:Infinity:undefined:undefined:undefined:undefined":0,"s:53:2:55:Infinity":3,"s:54:4:54:Infinity":4,"s:56:18:56:Infinity":5,"b:57:2:59:Infinity:undefined:undefined:undefined:undefined":1,"s:57:2:59:Infinity":6,"s:58:4:58:Infinity":7,"s:60:19:60:Infinity":8,"s:61:2:61:Infinity":9,"b:61:9:61:21:61:21:61:Infinity":2,"f:64:9:64:Infinity":1,"s:75:19:75:Infinity":10,"b:75:19:75:43:75:43:75:Infinity":3,"s:76:2:93:Infinity":11,"b:83:31:83:66:83:66:83:Infinity":4,"b:84:27:84:54:84:54:84:Infinity":5,"b:85:32:85:69:85:69:85:Infinity":6,"b:86:29:86:60:86:60:86:Infinity":7,"b:87:31:87:66:87:66:87:Infinity":8,"b:89:12:89:Infinity:90:12:90:Infinity":9,"s:96:66:486:Infinity":12,"f:102:25:102:26":2,"s:102:36:102:Infinity":13,"f:103:20:103:27":3,"s:104:6:104:Infinity":14,"f:117:20:117:21":4,"s:117:21:117:Infinity":15,"f:118:20:118:21":5,"s:118:26:118:Infinity":16,"f:119:22:119:23":6,"s:119:23:119:Infinity":17,"f:120:23:120:24":7,"s:120:50:127:Infinity":18,"f:128:19:128:20":8,"s:128:37:142:Infinity":19,"f:143:18:143:19":9,"s:143:31:143:Infinity":20,"f:144:21:144:22":10,"s:144:35:150:Infinity":21,"f:151:22:151:23":11,"s:152:12:152:Infinity":22,"s:153:6:153:Infinity":23,"b:153:14:153:44:153:44:153:48":10,"f:153:52:153:53":12,"s:153:80:153:93":24,"f:155:21:155:22":13,"s:155:34:155:Infinity":25,"f:158:21:158:22":14,"s:159:24:159:Infinity":26,"s:161:8:163:Infinity":27,"b:162:12:162:Infinity:163:12:163:Infinity":11,"b:161:8:161:21:161:21:161:Infinity":12,"s:164:6:171:Infinity":28,"b:165:16:165:45:165:45:165:Infinity":13,"b:166:19:166:51:166:51:166:Infinity":14,"f:170:24:170:25":15,"s:170:25:170:Infinity":29,"f:173:21:173:22":16,"s:174:12:174:Infinity":30,"s:175:26:179:Infinity":31,"b:180:6:182:Infinity:undefined:undefined:undefined:undefined":15,"s:180:6:182:Infinity":32,"s:181:8:181:Infinity":33,"s:183:6:185:Infinity":34,"f:193:24:193:25":17,"s:193:42:194:Infinity":35,"b:193:42:194:87:194:87:194:Infinity":16,"f:195:22:195:23":18,"s:196:28:196:Infinity":36,"s:197:6:202:Infinity":37,"b:198:26:198:51:198:51:198:Infinity":17,"b:200:44:200:78:200:78:200:Infinity":18,"f:208:19:208:20":19,"s:209:24:209:Infinity":38,"b:210:8:212:Infinity:undefined:undefined:undefined:undefined":19,"s:210:8:212:Infinity":39,"s:211:10:211:Infinity":40,"b:213:8:215:Infinity:undefined:undefined:undefined:undefined":20,"s:213:8:215:Infinity":41,"s:214:10:214:Infinity":42,"s:216:8:216:Infinity":43,"f:222:10:222:22":20,"s:222:22:222:Infinity":44,"f:223:15:223:22":21,"s:224:12:224:Infinity":45,"s:225:16:225:Infinity":46,"b:225:16:225:47:225:47:225:Infinity":21,"s:226:18:226:Infinity":47,"s:228:6:234:Infinity":48,"b:228:26:228:58:228:58:228:62":22,"s:229:20:229:Infinity":49,"b:230:8:232:Infinity:undefined:undefined:undefined:undefined":23,"s:230:8:232:Infinity":50,"b:230:12:230:20:230:20:230:33":24,"s:231:10:231:Infinity":51,"s:233:8:233:Infinity":52,"s:236:6:242:Infinity":53,"b:236:26:236:59:236:59:236:63":25,"s:237:20:237:Infinity":54,"b:238:8:240:Infinity:undefined:undefined:undefined:undefined":26,"s:238:8:240:Infinity":55,"b:238:12:238:20:238:20:238:33":27,"s:239:10:239:Infinity":56,"s:241:8:241:Infinity":57,"s:244:21:244:Infinity":58,"b:244:21:244:46:244:46:244:70:244:70:244:Infinity":28,"s:245:6:253:Infinity":59,"s:246:8:252:Infinity":60,"b:246:28:246:42:246:42:246:46":29,"s:247:22:247:Infinity":61,"b:248:10:250:Infinity:undefined:undefined:undefined:undefined":30,"s:248:10:250:Infinity":62,"b:248:14:248:22:248:22:248:35":31,"s:249:12:249:Infinity":63,"s:251:10:251:Infinity":64,"s:255:6:276:Infinity":65,"f:256:13:256:14":22,"s:256:22:256:32":66,"f:258:13:258:14":23,"s:259:26:259:Infinity":67,"s:260:26:260:Infinity":68,"b:260:56:260:91:260:91:260:Infinity":32,"b:261:10:263:Infinity:undefined:undefined:undefined:undefined":33,"s:261:10:263:Infinity":69,"s:262:12:262:Infinity":70,"s:264:10:264:Infinity":71,"f:266:16:266:17":24,"s:266:25:266:65":72,"b:266:29:266:60:266:60:266:65":34,"b:267:39:267:47:267:47:267:56":35,"b:267:18:267:27:267:27:267:39":36,"f:268:13:268:14":25,"s:269:22:269:Infinity":73,"b:269:47:269:74:269:74:269:Infinity":37,"s:270:29:270:Infinity":74,"b:270:29:270:53:270:53:270:Infinity":38,"s:271:10:275:Infinity":75,"b:274:29:274:80:274:80:274:Infinity":39,"f:278:16:278:23":26,"s:279:12:279:Infinity":76,"s:280:16:280:Infinity":77,"b:280:16:280:47:280:47:280:Infinity":40,"s:281:21:281:Infinity":78,"b:281:21:281:46:281:46:281:70:281:70:281:Infinity":41,"s:282:18:298:Infinity":79,"f:283:13:283:14":27,"s:283:22:283:32":80,"f:284:16:284:17":28,"s:284:25:284:52":81,"b:284:25:284:41:284:41:284:52":42,"f:285:13:285:14":29,"s:285:22:285:50":82,"f:286:13:286:14":30,"s:287:26:287:Infinity":83,"b:288:10:290:Infinity:undefined:undefined:undefined:undefined":43,"s:288:10:290:Infinity":84,"b:288:14:288:45:288:45:288:77":44,"s:289:12:289:Infinity":85,"b:291:10:293:Infinity:undefined:undefined:undefined:undefined":45,"s:291:10:293:Infinity":86,"s:292:12:292:Infinity":87,"s:294:10:294:Infinity":88,"f:296:16:296:17":31,"s:296:25:296:65":89,"b:296:29:296:60:296:60:296:65":46,"b:297:39:297:47:297:47:297:56":47,"b:297:18:297:27:297:27:297:39":48,"f:298:13:298:14":32,"s:298:22:298:53":90,"s:299:6:299:Infinity":91,"f:301:19:301:26":33,"s:301:57:302:Infinity":92,"f:303:20:303:27":34,"s:303:58:304:Infinity":93,"f:307:20:307:27":35,"s:307:56:308:Infinity":94,"f:312:22:312:23":36,"s:312:35:312:Infinity":95,"f:313:22:313:23":37,"s:313:46:319:Infinity":96,"f:320:19:320:20":38,"b:321:6:323:Infinity:undefined:undefined:undefined:undefined":49,"s:321:6:323:Infinity":97,"s:322:8:322:Infinity":98,"b:324:6:326:Infinity:undefined:undefined:undefined:undefined":50,"s:324:6:326:Infinity":99,"s:325:8:325:Infinity":100,"s:327:26:327:Infinity":101,"s:328:23:328:Infinity":102,"s:329:21:329:Infinity":103,"b:330:6:332:Infinity:undefined:undefined:undefined:undefined":51,"s:330:6:332:Infinity":104,"b:330:10:330:26:330:26:330:37":52,"s:331:8:331:Infinity":105,"b:333:6:340:Infinity:undefined:undefined:undefined:undefined":53,"s:333:6:340:Infinity":106,"b:334:8:336:Infinity:undefined:undefined:undefined:undefined":54,"s:334:8:336:Infinity":107,"s:335:10:335:Infinity":108,"b:337:8:339:Infinity:undefined:undefined:undefined:undefined":55,"s:337:8:339:Infinity":109,"s:338:10:338:Infinity":110,"s:341:6:341:Infinity":111,"f:343:24:343:25":39,"s:344:12:349:Infinity":112,"b:350:6:361:Infinity:undefined:undefined:undefined:undefined":56,"s:350:6:361:Infinity":113,"s:351:8:360:Infinity":114,"s:362:6:369:Infinity":115,"f:381:25:381:26":40,"s:382:6:395:Infinity":116,"f:382:23:382:24":41,"s:383:26:383:Infinity":117,"b:383:66:383:93:383:93:383:Infinity":57,"b:384:8:386:Infinity:undefined:undefined:undefined:undefined":58,"s:384:8:386:Infinity":118,"s:385:10:385:Infinity":119,"s:387:8:394:Infinity":120,"f:396:25:396:26":42,"s:396:44:405:Infinity":121,"b:397:18:397:41:397:41:397:Infinity":59,"b:398:15:398:35:398:35:398:Infinity":60,"b:399:15:399:35:399:35:399:Infinity":61,"b:400:19:400:43:400:43:400:Infinity":62,"b:401:18:401:41:401:41:401:Infinity":63,"b:402:17:402:39:402:39:402:Infinity":64,"b:404:19:404:43:404:43:404:Infinity":65,"f:406:18:406:25":43,"s:407:6:424:Infinity":122,"s:408:21:411:Infinity":123,"s:412:8:417:Infinity":124,"s:419:8:423:Infinity":125,"b:421:40:421:54:421:54:421:Infinity":66,"f:426:26:426:27":44,"s:426:60:440:Infinity":126,"b:432:15:432:35:432:35:432:Infinity":67,"b:433:19:433:43:433:43:433:Infinity":68,"b:434:18:434:41:434:41:434:Infinity":69,"b:435:17:435:39:435:39:435:Infinity":70,"b:437:19:437:43:437:43:437:Infinity":71,"b:438:21:438:47:438:47:438:Infinity":72,"b:439:22:439:49:439:49:439:Infinity":73,"f:443:18:443:25":45,"s:444:22:444:Infinity":127,"s:445:6:448:Infinity":128,"s:449:6:449:Infinity":129,"b:449:65:449:87:449:87:449:95":74,"s:458:27:458:Infinity":130,"s:459:36:459:Infinity":131,"f:459:36:459:42":46,"s:460:6:462:Infinity":132,"f:460:44:460:45":47,"s:461:8:461:Infinity":133,"s:463:6:463:Infinity":134,"s:468:6:474:Infinity":135,"s:469:23:469:Infinity":136,"s:470:8:470:Infinity":137,"s:473:8:473:Infinity":138,"s:476:6:483:Infinity":139}}}
,"/root/work_code/matrix/src/config-schema.ts": {"path":"/root/work_code/matrix/src/config-schema.ts","statementMap":{"0":{"start":{"line":4,"column":23},"end":{"line":4,"column":null}},"1":{"start":{"line":6,"column":27},"end":{"line":14,"column":null}},"2":{"start":{"line":16,"column":23},"end":{"line":22,"column":null}},"3":{"start":{"line":24,"column":25},"end":{"line":35,"column":null}},"4":{"start":{"line":37,"column":34},"end":{"line":63,"column":null}}},"fnMap":{},"branchMap":{},"s":{"0":1,"1":1,"2":1,"3":1,"4":1},"f":{},"b":{},"meta":{"lastBranch":0,"lastFunction":0,"lastStatement":5,"seen":{"s:4:23:4:Infinity":0,"s:6:27:14:Infinity":1,"s:16:23:22:Infinity":2,"s:24:25:35:Infinity":3,"s:37:34:63:Infinity":4}}}
,"/root/work_code/matrix/src/directory-live.ts": {"path":"/root/work_code/matrix/src/directory-live.ts","statementMap":{"0":{"start":{"line":41,"column":14},"end":{"line":48,"column":null}},"1":{"start":{"line":49,"column":2},"end":{"line":52,"column":null}},"2":{"start":{"line":50,"column":17},"end":{"line":50,"column":null}},"3":{"start":{"line":50,"column":46},"end":{"line":50,"column":48}},"4":{"start":{"line":51,"column":4},"end":{"line":51,"column":null}},"5":{"start":{"line":53,"column":2},"end":{"line":53,"column":null}},"6":{"start":{"line":57,"column":2},"end":{"line":57,"column":null}},"7":{"start":{"line":61,"column":2},"end":{"line":61,"column":null}},"8":{"start":{"line":67,"column":16},"end":{"line":67,"column":null}},"9":{"start":{"line":68,"column":2},"end":{"line":70,"column":null}},"10":{"start":{"line":69,"column":4},"end":{"line":69,"column":null}},"11":{"start":{"line":71,"column":15},"end":{"line":71,"column":null}},"12":{"start":{"line":72,"column":2},"end":{"line":72,"column":null}},"13":{"start":{"line":80,"column":2},"end":{"line":85,"column":null}},"14":{"start":{"line":91,"column":18},"end":{"line":91,"column":null}},"15":{"start":{"line":92,"column":2},"end":{"line":94,"column":null}},"16":{"start":{"line":93,"column":4},"end":{"line":93,"column":null}},"17":{"start":{"line":95,"column":26},"end":{"line":95,"column":null}},"18":{"start":{"line":96,"column":14},"end":{"line":105,"column":null}},"19":{"start":{"line":106,"column":18},"end":{"line":106,"column":null}},"20":{"start":{"line":107,"column":2},"end":{"line":121,"column":null}},"21":{"start":{"line":109,"column":21},"end":{"line":109,"column":null}},"22":{"start":{"line":110,"column":6},"end":{"line":112,"column":null}},"23":{"start":{"line":111,"column":8},"end":{"line":111,"column":null}},"24":{"start":{"line":113,"column":6},"end":{"line":119,"column":null}},"25":{"start":{"line":129,"column":2},"end":{"line":138,"column":null}},"26":{"start":{"line":130,"column":16},"end":{"line":134,"column":null}},"27":{"start":{"line":135,"column":4},"end":{"line":135,"column":null}},"28":{"start":{"line":137,"column":4},"end":{"line":137,"column":null}},"29":{"start":{"line":146,"column":2},"end":{"line":155,"column":null}},"30":{"start":{"line":147,"column":16},"end":{"line":151,"column":null}},"31":{"start":{"line":152,"column":4},"end":{"line":152,"column":null}},"32":{"start":{"line":154,"column":4},"end":{"line":154,"column":null}},"33":{"start":{"line":161,"column":18},"end":{"line":161,"column":null}},"34":{"start":{"line":162,"column":2},"end":{"line":164,"column":null}},"35":{"start":{"line":163,"column":4},"end":{"line":163,"column":null}},"36":{"start":{"line":165,"column":26},"end":{"line":165,"column":null}},"37":{"start":{"line":166,"column":16},"end":{"line":166,"column":null}},"38":{"start":{"line":168,"column":2},"end":{"line":174,"column":null}},"39":{"start":{"line":169,"column":19},"end":{"line":169,"column":null}},"40":{"start":{"line":170,"column":4},"end":{"line":172,"column":null}},"41":{"start":{"line":171,"column":6},"end":{"line":171,"column":null}},"42":{"start":{"line":173,"column":4},"end":{"line":173,"column":null}},"43":{"start":{"line":176,"column":2},"end":{"line":178,"column":null}},"44":{"start":{"line":177,"column":4},"end":{"line":177,"column":null}},"45":{"start":{"line":180,"column":17},"end":{"line":184,"column":null}},"46":{"start":{"line":185,"column":16},"end":{"line":185,"column":null}},"47":{"start":{"line":186,"column":43},"end":{"line":186,"column":null}},"48":{"start":{"line":188,"column":2},"end":{"line":205,"column":null}},"49":{"start":{"line":189,"column":17},"end":{"line":189,"column":null}},"50":{"start":{"line":190,"column":4},"end":{"line":192,"column":null}},"51":{"start":{"line":191,"column":6},"end":{"line":191,"column":null}},"52":{"start":{"line":193,"column":4},"end":{"line":195,"column":null}},"53":{"start":{"line":194,"column":6},"end":{"line":194,"column":null}},"54":{"start":{"line":196,"column":4},"end":{"line":201,"column":null}},"55":{"start":{"line":202,"column":4},"end":{"line":204,"column":null}},"56":{"start":{"line":203,"column":6},"end":{"line":203,"column":null}},"57":{"start":{"line":207,"column":2},"end":{"line":207,"column":null}}},"fnMap":{"0":{"name":"fetchMatrixJson","decl":{"start":{"line":34,"column":15},"end":{"line":34,"column":34}},"loc":{"start":{"line":40,"column":15},"end":{"line":54,"column":null}},"line":40},"1":{"name":"(anonymous_1)","decl":{"start":{"line":50,"column":40},"end":{"line":50,"column":46}},"loc":{"start":{"line":50,"column":46},"end":{"line":50,"column":48}},"line":50},"2":{"name":"normalizeQuery","decl":{"start":{"line":56,"column":9},"end":{"line":56,"column":24}},"loc":{"start":{"line":56,"column":55},"end":{"line":58,"column":null}},"line":56},"3":{"name":"resolveMatrixDirectoryLimit","decl":{"start":{"line":60,"column":9},"end":{"line":60,"column":37}},"loc":{"start":{"line":60,"column":68},"end":{"line":62,"column":null}},"line":60},"4":{"name":"resolveMatrixDirectoryContext","decl":{"start":{"line":64,"column":15},"end":{"line":64,"column":null}},"loc":{"start":{"line":66,"column":63},"end":{"line":73,"column":null}},"line":66},"5":{"name":"createGroupDirectoryEntry","decl":{"start":{"line":75,"column":9},"end":{"line":75,"column":35}},"loc":{"start":{"line":79,"column":26},"end":{"line":86,"column":null}},"line":79},"6":{"name":"listMatrixDirectoryPeersLive","decl":{"start":{"line":88,"column":22},"end":{"line":88,"column":null}},"loc":{"start":{"line":90,"column":36},"end":{"line":122,"column":null}},"line":90},"7":{"name":"(anonymous_7)","decl":{"start":{"line":108,"column":9},"end":{"line":108,"column":10}},"loc":{"start":{"line":108,"column":20},"end":{"line":120,"column":5}},"line":108},"8":{"name":"resolveMatrixRoomAlias","decl":{"start":{"line":124,"column":15},"end":{"line":124,"column":null}},"loc":{"start":{"line":128,"column":26},"end":{"line":139,"column":null}},"line":128},"9":{"name":"fetchMatrixRoomName","decl":{"start":{"line":141,"column":15},"end":{"line":141,"column":null}},"loc":{"start":{"line":145,"column":26},"end":{"line":156,"column":null}},"line":145},"10":{"name":"listMatrixDirectoryGroupsLive","decl":{"start":{"line":158,"column":22},"end":{"line":158,"column":null}},"loc":{"start":{"line":160,"column":36},"end":{"line":208,"column":null}},"line":160}},"branchMap":{"0":{"loc":{"start":{"line":42,"column":12},"end":{"line":42,"column":null}},"type":"binary-expr","locations":[{"start":{"line":42,"column":12},"end":{"line":42,"column":29}},{"start":{"line":42,"column":29},"end":{"line":42,"column":null}}],"line":42},"1":{"loc":{"start":{"line":47,"column":10},"end":{"line":47,"column":null}},"type":"cond-expr","locations":[{"start":{"line":47,"column":24},"end":{"line":47,"column":54}},{"start":{"line":47,"column":54},"end":{"line":47,"column":null}}],"line":47},"2":{"loc":{"start":{"line":49,"column":2},"end":{"line":52,"column":null}},"type":"if","locations":[{"start":{"line":49,"column":2},"end":{"line":52,"column":null}},{"start":{},"end":{}}],"line":49},"3":{"loc":{"start":{"line":51,"column":73},"end":{"line":51,"column":96}},"type":"binary-expr","locations":[{"start":{"line":51,"column":73},"end":{"line":51,"column":81}},{"start":{"line":51,"column":81},"end":{"line":51,"column":96}}],"line":51},"4":{"loc":{"start":{"line":57,"column":9},"end":{"line":57,"column":null}},"type":"binary-expr","locations":[{"start":{"line":57,"column":9},"end":{"line":57,"column":40}},{"start":{"line":57,"column":40},"end":{"line":57,"column":null}}],"line":57},"5":{"loc":{"start":{"line":61,"column":9},"end":{"line":61,"column":null}},"type":"cond-expr","locations":[{"start":{"line":61,"column":50},"end":{"line":61,"column":58}},{"start":{"line":61,"column":58},"end":{"line":61,"column":null}}],"line":61},"6":{"loc":{"start":{"line":61,"column":9},"end":{"line":61,"column":50}},"type":"binary-expr","locations":[{"start":{"line":61,"column":9},"end":{"line":61,"column":38}},{"start":{"line":61,"column":38},"end":{"line":61,"column":50}}],"line":61},"7":{"loc":{"start":{"line":68,"column":2},"end":{"line":70,"column":null}},"type":"if","locations":[{"start":{"line":68,"column":2},"end":{"line":70,"column":null}},{"start":{},"end":{}}],"line":68},"8":{"loc":{"start":{"line":92,"column":2},"end":{"line":94,"column":null}},"type":"if","locations":[{"start":{"line":92,"column":2},"end":{"line":94,"column":null}},{"start":{},"end":{}}],"line":92},"9":{"loc":{"start":{"line":106,"column":18},"end":{"line":106,"column":null}},"type":"binary-expr","locations":[{"start":{"line":106,"column":18},"end":{"line":106,"column":33}},{"start":{"line":106,"column":33},"end":{"line":106,"column":null}}],"line":106},"10":{"loc":{"start":{"line":110,"column":6},"end":{"line":112,"column":null}},"type":"if","locations":[{"start":{"line":110,"column":6},"end":{"line":112,"column":null}},{"start":{},"end":{}}],"line":110},"11":{"loc":{"start":{"line":116,"column":14},"end":{"line":116,"column":null}},"type":"binary-expr","locations":[{"start":{"line":116,"column":14},"end":{"line":116,"column":44}},{"start":{"line":116,"column":44},"end":{"line":116,"column":null}}],"line":116},"12":{"loc":{"start":{"line":117,"column":16},"end":{"line":117,"column":null}},"type":"cond-expr","locations":[{"start":{"line":117,"column":37},"end":{"line":117,"column":71}},{"start":{"line":117,"column":71},"end":{"line":117,"column":null}}],"line":117},"13":{"loc":{"start":{"line":135,"column":11},"end":{"line":135,"column":null}},"type":"binary-expr","locations":[{"start":{"line":135,"column":11},"end":{"line":135,"column":34}},{"start":{"line":135,"column":34},"end":{"line":135,"column":null}}],"line":135},"14":{"loc":{"start":{"line":152,"column":11},"end":{"line":152,"column":null}},"type":"binary-expr","locations":[{"start":{"line":152,"column":11},"end":{"line":152,"column":31}},{"start":{"line":152,"column":31},"end":{"line":152,"column":null}}],"line":152},"15":{"loc":{"start":{"line":162,"column":2},"end":{"line":164,"column":null}},"type":"if","locations":[{"start":{"line":162,"column":2},"end":{"line":164,"column":null}},{"start":{},"end":{}}],"line":162},"16":{"loc":{"start":{"line":168,"column":2},"end":{"line":174,"column":null}},"type":"if","locations":[{"start":{"line":168,"column":2},"end":{"line":174,"column":null}},{"start":{},"end":{}}],"line":168},"17":{"loc":{"start":{"line":170,"column":4},"end":{"line":172,"column":null}},"type":"if","locations":[{"start":{"line":170,"column":4},"end":{"line":172,"column":null}},{"start":{},"end":{}}],"line":170},"18":{"loc":{"start":{"line":176,"column":2},"end":{"line":178,"column":null}},"type":"if","locations":[{"start":{"line":176,"column":2},"end":{"line":178,"column":null}},{"start":{},"end":{}}],"line":176},"19":{"loc":{"start":{"line":185,"column":16},"end":{"line":185,"column":null}},"type":"binary-expr","locations":[{"start":{"line":185,"column":16},"end":{"line":185,"column":39}},{"start":{"line":185,"column":39},"end":{"line":185,"column":null}}],"line":185},"20":{"loc":{"start":{"line":190,"column":4},"end":{"line":192,"column":null}},"type":"if","locations":[{"start":{"line":190,"column":4},"end":{"line":192,"column":null}},{"start":{},"end":{}}],"line":190},"21":{"loc":{"start":{"line":193,"column":4},"end":{"line":195,"column":null}},"type":"if","locations":[{"start":{"line":193,"column":4},"end":{"line":195,"column":null}},{"start":{},"end":{}}],"line":193},"22":{"loc":{"start":{"line":202,"column":4},"end":{"line":204,"column":null}},"type":"if","locations":[{"start":{"line":202,"column":4},"end":{"line":204,"column":null}},{"start":{},"end":{}}],"line":202}},"s":{"0":1,"1":1,"2":0,"3":0,"4":0,"5":1,"6":4,"7":2,"8":4,"9":4,"10":2,"11":2,"12":2,"13":1,"14":2,"15":2,"16":1,"17":1,"18":1,"19":1,"20":2,"21":0,"22":0,"23":0,"24":0,"25":0,"26":0,"27":0,"28":0,"29":0,"30":0,"31":0,"32":0,"33":2,"34":2,"35":1,"36":1,"37":1,"38":1,"39":0,"40":0,"41":0,"42":0,"43":1,"44":1,"45":0,"46":0,"47":2,"48":2,"49":0,"50":0,"51":0,"52":0,"53":0,"54":0,"55":0,"56":0,"57":0},"f":{"0":1,"1":0,"2":4,"3":2,"4":4,"5":1,"6":2,"7":0,"8":0,"9":0,"10":2},"b":{"0":[1,0],"1":[1,0],"2":[0,1],"3":[0,0],"4":[4,0],"5":[2,0],"6":[2,2],"7":[2,2],"8":[1,1],"9":[1,0],"10":[0,0],"11":[0,0],"12":[0,0],"13":[0,0],"14":[0,0],"15":[1,1],"16":[0,1],"17":[0,0],"18":[1,0],"19":[0,0],"20":[0,0],"21":[0,0],"22":[0,0]},"meta":{"lastBranch":23,"lastFunction":11,"lastStatement":58,"seen":{"f:34:15:34:34":0,"s:41:14:48:Infinity":0,"b:42:12:42:29:42:29:42:Infinity":0,"b:47:24:47:54:47:54:47:Infinity":1,"b:49:2:52:Infinity:undefined:undefined:undefined:undefined":2,"s:49:2:52:Infinity":1,"s:50:17:50:Infinity":2,"f:50:40:50:46":1,"s:50:46:50:48":3,"s:51:4:51:Infinity":4,"b:51:73:51:81:51:81:51:96":3,"s:53:2:53:Infinity":5,"f:56:9:56:24":2,"s:57:2:57:Infinity":6,"b:57:9:57:40:57:40:57:Infinity":4,"f:60:9:60:37":3,"s:61:2:61:Infinity":7,"b:61:50:61:58:61:58:61:Infinity":5,"b:61:9:61:38:61:38:61:50":6,"f:64:15:64:Infinity":4,"s:67:16:67:Infinity":8,"b:68:2:70:Infinity:undefined:undefined:undefined:undefined":7,"s:68:2:70:Infinity":9,"s:69:4:69:Infinity":10,"s:71:15:71:Infinity":11,"s:72:2:72:Infinity":12,"f:75:9:75:35":5,"s:80:2:85:Infinity":13,"f:88:22:88:Infinity":6,"s:91:18:91:Infinity":14,"b:92:2:94:Infinity:undefined:undefined:undefined:undefined":8,"s:92:2:94:Infinity":15,"s:93:4:93:Infinity":16,"s:95:26:95:Infinity":17,"s:96:14:105:Infinity":18,"s:106:18:106:Infinity":19,"b:106:18:106:33:106:33:106:Infinity":9,"s:107:2:121:Infinity":20,"f:108:9:108:10":7,"s:109:21:109:Infinity":21,"b:110:6:112:Infinity:undefined:undefined:undefined:undefined":10,"s:110:6:11
[...]
defined:undefined":5,"s:56:2:58:Infinity":15,"s:57:4:57:Infinity":16,"s:59:2:59:Infinity":17,"f:62:16:62:34":2,"s:75:15:80:Infinity":18,"s:81:35:86:Infinity":19,"b:85:10:85:18:85:18:85:Infinity":6,"b:88:2:90:Infinity:undefined:undefined:undefined:undefined":7,"s:88:2:90:Infinity":20,"b:88:6:88:22:88:22:88:34":8,"s:89:4:89:Infinity":21,"b:92:2:94:Infinity:undefined:undefined:undefined:undefined":9,"s:92:2:94:Infinity":22,"s:93:4:93:Infinity":23,"b:95:2:102:Infinity:undefined:undefined:undefined:undefined":10,"s:95:2:102:Infinity":24,"s:96:4:96:Infinity":25,"b:97:4:101:Infinity:undefined:undefined:undefined:undefined":11,"s:97:4:101:Infinity":26,"s:98:6:100:Infinity":27,"b:103:2:105:Infinity:undefined:undefined:undefined:undefined":12,"s:103:2:105:Infinity":28,"s:104:4:104:Infinity":29,"s:106:2:106:Infinity":30,"s:107:2:107:Infinity":31,"s:110:27:110:Infinity":32,"s:111:26:111:Infinity":33,"f:113:22:113:39":3,"s:117:15:119:Infinity":34,"f:119:11:119:17":4,"s:119:17:119:21":35,"b:120:2:122:Infinity:undefined:undefined:undefined:undefined":13,"s:120:2:122:Infinity":36,"s:121:4:121:Infinity":37,"s:123:41:123:Infinity":38,"s:124:17:124:Infinity":39,"b:125:2:153:Infinity:undefined:undefined:undefined:undefined":14,"s:125:2:153:Infinity":40,"s:126:4:152:Infinity":41,"s:127:26:132:Infinity":42,"s:133:24:135:Infinity":43,"f:135:15:135:21":5,"s:135:21:135:25":44,"s:136:23:140:Infinity":45,"s:141:6:141:Infinity":46,"b:142:6:149:Infinity:undefined:undefined:undefined:undefined":15,"s:142:6:149:Infinity":47,"s:143:8:148:Infinity":48,"s:154:2:154:Infinity":49,"f:157:22:157:45":6,"b:163:2:165:Infinity:undefined:undefined:undefined:undefined":16,"s:163:2:165:Infinity":50,"b:163:6:163:33:163:33:163:58":17,"s:164:4:164:Infinity":51,"s:166:2:186:Infinity":52,"s:167:28:167:Infinity":53,"s:169:6:175:Infinity":54,"b:170:10:174:Infinity:175:10:175:Infinity":18,"b:169:6:169:28:169:28:169:Infinity":19,"s:176:21:179:Infinity":55,"s:180:28:180:Infinity":56,"b:181:4:183:Infinity:undefined:undefined:undefined:undefined":20,"s:181:4:183:Infinity":57,"b:181:8:181:47:181:47:181:81":21,"s:182:6:182:Infinity":58,"s:187:2:187:Infinity":59,"f:190:15:190:Infinity":7,"s:198:2:198:Infinity":60,"f:204:22:204:Infinity":8,"s:214:22:214:Infinity":61,"b:214:22:214:40:214:40:214:Infinity":22,"b:216:2:225:Infinity:undefined:undefined:undefined:undefined":23,"s:216:2:225:Infinity":62,"b:216:6:216:21:216:21:216:36":24,"s:218:22:218:Infinity":63,"s:219:16:219:Infinity":64,"s:220:32:220:Infinity":65,"s:221:4:224:Infinity":66,"s:228:14:228:Infinity":67,"s:229:2:229:Infinity":68}}}
,"/root/work_code/matrix/src/matrix/send/targets.ts": {"path":"/root/work_code/matrix/src/matrix/send/targets.ts","statementMap":{"0":{"start":{"line":5,"column":18},"end":{"line":5,"column":null}},"1":{"start":{"line":6,"column":2},"end":{"line":8,"column":null}},"2":{"start":{"line":7,"column":4},"end":{"line":7,"column":null}},"3":{"start":{"line":9,"column":2},"end":{"line":9,"column":null}},"4":{"start":{"line":13,"column":2},"end":{"line":15,"column":null}},"5":{"start":{"line":14,"column":4},"end":{"line":14,"column":null}},"6":{"start":{"line":16,"column":18},"end":{"line":16,"column":null}},"7":{"start":{"line":17,"column":2},"end":{"line":17,"column":null}},"8":{"start":{"line":21,"column":35},"end":{"line":21,"column":null}},"9":{"start":{"line":22,"column":24},"end":{"line":22,"column":null}},"10":{"start":{"line":24,"column":2},"end":{"line":24,"column":null}},"11":{"start":{"line":25,"column":2},"end":{"line":30,"column":null}},"12":{"start":{"line":26,"column":19},"end":{"line":26,"column":null}},"13":{"start":{"line":27,"column":4},"end":{"line":29,"column":null}},"14":{"start":{"line":28,"column":6},"end":{"line":28,"column":null}},"15":{"start":{"line":38,"column":54},"end":{"line":38,"column":null}},"16":{"start":{"line":39,"column":2},"end":{"line":43,"column":null}},"17":{"start":{"line":40,"column":4},"end":{"line":40,"column":null}},"18":{"start":{"line":44,"column":19},"end":{"line":44,"column":null}},"19":{"start":{"line":45,"column":18},"end":{"line":45,"column":null}},"20":{"start":{"line":46,"column":2},"end":{"line":48,"column":null}},"21":{"start":{"line":47,"column":4},"end":{"line":47,"column":null}},"22":{"start":{"line":49,"column":15},"end":{"line":49,"column":null}},"23":{"start":{"line":49,"column":50},"end":{"line":49,"column":63}},"24":{"start":{"line":50,"column":2},"end":{"line":57,"column":null}},"25":{"start":{"line":51,"column":4},"end":{"line":54,"column":null}},"26":{"start":{"line":61,"column":18},"end":{"line":61,"column":null}},"27":{"start":{"line":62,"column":2},"end":{"line":64,"column":null}},"28":{"start":{"line":63,"column":4},"end":{"line":63,"column":null}},"29":{"start":{"line":66,"column":17},"end":{"line":66,"column":null}},"30":{"start":{"line":67,"column":2},"end":{"line":69,"column":null}},"31":{"start":{"line":68,"column":4},"end":{"line":68,"column":null}},"32":{"start":{"line":72,"column":2},"end":{"line":84,"column":null}},"33":{"start":{"line":73,"column":27},"end":{"line":73,"column":null}},"34":{"start":{"line":77,"column":17},"end":{"line":77,"column":null}},"35":{"start":{"line":78,"column":4},"end":{"line":81,"column":null}},"36":{"start":{"line":79,"column":6},"end":{"line":79,"column":null}},"37":{"start":{"line":80,"column":6},"end":{"line":80,"column":null}},"38":{"start":{"line":88,"column":36},"end":{"line":88,"column":null}},"39":{"start":{"line":89,"column":2},"end":{"line":113,"column":null}},"40":{"start":{"line":90,"column":18},"end":{"line":90,"column":null}},"41":{"start":{"line":91,"column":4},"end":{"line":110,"column":null}},"42":{"start":{"line":93,"column":6},"end":{"line":97,"column":null}},"43":{"start":{"line":94,"column":8},"end":{"line":94,"column":null}},"44":{"start":{"line":96,"column":8},"end":{"line":96,"column":null}},"45":{"start":{"line":98,"column":6},"end":{"line":100,"column":null}},"46":{"start":{"line":99,"column":8},"end":{"line":99,"column":null}},"47":{"start":{"line":102,"column":6},"end":{"line":106,"column":null}},"48":{"start":{"line":103,"column":8},"end":{"line":103,"column":null}},"49":{"start":{"line":104,"column":8},"end":{"line":104,"column":null}},"50":{"start":{"line":105,"column":8},"end":{"line":105,"column":null}},"51":{"start":{"line":107,"column":6},"end":{"line":109,"column":null}},"52":{"start":{"line":108,"column":8},"end":{"line":108,"column":null}},"53":{"start":{"line":115,"column":2},"end":{"line":119,"column":null}},"54":{"start":{"line":116,"column":4},"end":{"line":116,"column":null}},"55":{"start":{"line":117,"column":4},"end":{"line":117,"column":null}},"56":{"start":{"line":118,"column":4},"end":{"line":118,"column":null}},"57":{"start":{"line":121,"column":2},"end":{"line":121,"column":null}},"58":{"start":{"line":125,"column":17},"end":{"line":125,"column":null}},"59":{"start":{"line":126,"column":18},"end":{"line":126,"column":null}},"60":{"start":{"line":127,"column":2},"end":{"line":129,"column":null}},"61":{"start":{"line":128,"column":4},"end":{"line":128,"column":null}},"62":{"start":{"line":130,"column":2},"end":{"line":132,"column":null}},"63":{"start":{"line":131,"column":4},"end":{"line":131,"column":null}},"64":{"start":{"line":133,"column":2},"end":{"line":135,"column":null}},"65":{"start":{"line":134,"column":4},"end":{"line":134,"column":null}},"66":{"start":{"line":136,"column":2},"end":{"line":138,"column":null}},"67":{"start":{"line":137,"column":4},"end":{"line":137,"column":null}},"68":{"start":{"line":139,"column":2},"end":{"line":141,"column":null}},"69":{"start":{"line":140,"column":4},"end":{"line":140,"column":null}},"70":{"start":{"line":142,"column":2},"end":{"line":148,"column":null}},"71":{"start":{"line":143,"column":21},"end":{"line":143,"column":null}},"72":{"start":{"line":144,"column":4},"end":{"line":146,"column":null}},"73":{"start":{"line":145,"column":6},"end":{"line":145,"column":null}},"74":{"start":{"line":147,"column":4},"end":{"line":147,"column":null}},"75":{"start":{"line":149,"column":2},"end":{"line":149,"column":null}}},"fnMap":{"0":{"name":"normalizeTarget","decl":{"start":{"line":4,"column":9},"end":{"line":4,"column":25}},"loc":{"start":{"line":4,"column":46},"end":{"line":10,"column":null}},"line":4},"1":{"name":"normalizeThreadId","decl":{"start":{"line":12,"column":16},"end":{"line":12,"column":34}},"loc":{"start":{"line":12,"column":79},"end":{"line":18,"column":null}},"line":12},"2":{"name":"setDirectRoomCached","decl":{"start":{"line":23,"column":9},"end":{"line":23,"column":29}},"loc":{"start":{"line":23,"column":63},"end":{"line":31,"column":null}},"line":23},"3":{"name":"persistDirectRoom","decl":{"start":{"line":33,"column":15},"end":{"line":33,"column":null}},"loc":{"start":{"line":37,"column":17},"end":{"line":58,"column":null}},"line":37},"4":{"name":"(anonymous_4)","decl":{"start":{"line":49,"column":42},"end":{"line":49,"column":43}},"loc":{"start":{"line":49,"column":50},"end":{"line":49,"column":63}},"line":49},"5":{"name":"resolveDirectRoomId","decl":{"start":{"line":60,"column":15},"end":{"line":60,"column":35}},"loc":{"start":{"line":60,"column":90},"end":{"line":122,"column":null}},"line":60},"6":{"name":"resolveMatrixRoomId","decl":{"start":{"line":124,"column":22},"end":{"line":124,"column":42}},"loc":{"start":{"line":124,"column":94},"end":{"line":150,"column":null}},"line":124}},"branchMap":{"0":{"loc":{"start":{"line":6,"column":2},"end":{"line":8,"column":null}},"type":"if","locations":[{"start":{"line":6,"column":2},"end":{"line":8,"column":null}},{"start":{},"end":{}}],"line":6},"1":{"loc":{"start":{"line":13,"column":2},"end":{"line":15,"column":null}},"type":"if","locations":[{"start":{"line":13,"column":2},"end":{"line":15,"column":null}},{"start":{},"end":{}}],"line":13},"2":{"loc":{"start":{"line":13,"column":6},"end":{"line":13,"column":41}},"type":"binary-expr","locations":[{"start":{"line":13,"column":6},"end":{"line":13,"column":27}},{"start":{"line":13,"column":27},"end":{"line":13,"column":41}}],"line":13},"3":{"loc":{"start":{"line":17,"column":9},"end":{"line":17,"column":null}},"type":"cond-expr","locations":[{"start":{"line":17,"column":19},"end":{"line":17,"column":29}},{"start":{"line":17,"column":29},"end":{"line":17,"column":null}}],"line":17},"4":{"loc":{"start":{"line":25,"column":2},"end":{"line":30,"column":null}},"type":"if","locations":[{"start":{"line":25,"column":2},"end":{"line":30,"column":null}},{"start":{},"end":{}}],"line":25},"5":{"loc":{"start":{"line":27,"column":4},"end":{"line":29,"column":null}},"type":"if","locations":[{"start":{"line":27,"column":4},"end":{"line":29,"column":null}},{"start":{},"end":{}}],"line":27},"6":{"loc":{"start":{"line":44,"column":19},"end":{"line":44,"column":null}},"type":"cond-expr","locations":[{"start":{"line":44,"column":68},"end":{"line":44,"column":84}},{"start":{"line":44,"column":84},"end":{"line":44,"column":null}}],"line":44},"7":{"loc":{"start":{"line":44,"column":19},"end":{"line":44,"column":68}},"type":"binary-expr","locations":[{"start":{"line":44,"column":19},"end":{"line":44,"column":36}},{"start":{"line":44,"column":36},"end":{"line":44,"column":68}}],"line":44},"8":{"loc":{"start":{"line":45,"column":18},"end":{"line":45,"column":null}},"type":"cond-expr","locations":[{"start":{"line":45,"column":52},"end":{"line":45,"column":71}},{"start":{"line":45,"column":71},"end":{"line":45,"column":null}}],"line":45},"9":{"loc":{"start":{"line":46,"column":2},"end":{"line":48,"column":null}},"type":"if","locations":[{"start":{"line":46,"column":2},"end":{"line":48,"column":null}},{"start":{},"end":{}}],"line":46},"10":{"loc":{"start":{"line":62,"column":2},"end":{"line":64,"column":null}},"type":"if","locations":[{"start":{"line":62,"column":2},"end":{"line":64,"column":null}},{"start":{},"end":{}}],"line":62},"11":{"loc":{"start":{"line":67,"column":2},"end":{"line":69,"column":null}},"type":"if","locations":[{"start":{"line":67,"column":2},"end":{"line":69,"column":null}},{"start":{},"end":{}}],"line":67},"12":{"loc":{"start":{"line":77,"column":17},"end":{"line":77,"column":null}},"type":"cond-expr","locations":[{"start":{"line":77,"column":59},"end":{"line":77,"column":84}},{"start":{"line":77,"column":84},"end":{"line":77,"column":null}}],"line":77},"13":{"loc":{"start":{"line":78,"column":4},"end":{"line":81,"column":null}},"type":"if","locations":[{"start":{"line":78,"column":4},"end":{"line":81,"column":null}},{"start":{},"end":{}}],"line":78},"14":{"loc":{"start":{"line":78,"column":8},"end":{"line":78,"column":33}},"type":"binary-expr","locations":[{"start":{"line":78,"column":8},"end":{"line":78,"column":16}},{"start":{"line":78,"column":16},"end":{"line":78,"column":33}}],"line":78},"15":{"loc":{"start":{"line":98,"column":6},"end":{"line":100,"column":null}},"type":"if","locations":[{"start":{"line":98,"column":6},"end":{"line":100,"column":null}},{"start":{},"end":{}}],"line":98},"16":{"loc":{"start":{"line":102,"column":6},"end":{"line":106,"column":null}},"type":"if","locations":[{"start":{"line":102,"column":6},"end":{"line":106,"column":null}},{"start":{},"end":{}}],"line":102},"17":{"loc":{"start":{"line":107,"column":6},"end":{"line":109,"column":null}},"type":"if","locations":[{"start":{"line":107,"column":6},"end":{"line":109,"column":null}},{"start":{},"end":{}}],"line":107},"18":{"loc":{"start":{"line":115,"column":2},"end":{"line":119,"column":null}},"type":"if","locations":[{"start":{"line":115,"column":2},"end":{"line":119,"column":null}},{"start":{},"end":{}}],"line":115},"19":{"loc":{"start":{"line":127,"column":2},"end":{"line":129,"column":null}},"type":"if","locations":[{"start":{"line":127,"column":2},"end":{"line":129,"column":null}},{"start":{},"end":{}}],"line":127},"20":{"loc":{"start":{"line":130,"column":2},"end":{"line":132,"column":null}},"type":"if","locations":[{"start":{"line":130,"column":2},"end":{"line":132,"column":null}},{"start":{},"end":{}}],"line":130},"21":{"loc":{"start":{"line":133,"column":2},"end":{"line":135,"column":null}},"type":"if","locations":[{"start":{"line":133,"column":2},"end":{"line":135,"column":null}},{"start":{},"end":{}}],"line":133},"22":{"loc":{"start":{"line":136,"column":2},"end":{"line":138,"column":null}},"type":"if","locations":[{"start":{"line":136,"column":2},"end":{"line":138,"column":null}},{"start":{},"end":{}}],"line":136},"23":{"loc":{"start":{"line":139,"column":2},"end":{"line":141,"column":null}},"type":"if","locations":[{"start":{"line":139,"column":2},"end":{"line":141,"column":null}},{"start":{},"end":{}}],"line":139},"24":{"loc":{"start":{"line":142,"column":2},"end":{"line":148,"column":null}},"type":"if","locations":[{"start":{"line":142,"column":2},"end":{"line":148,"column":null}},{"start":{},"end":{}}],"line":142},"25":{"loc":{"start":{"line":144,"column":4},"end":{"line":146,"column":null}},"type":"if","locations":[{"start":{"line":144,"column":4},"end":{"line":146,"column":null}},{"start":{},"end":{}}],"line":144}},"s":{"0":31,"1":31,"2":0,"3":31,"4":12,"5":9,"6":3,"7":3,"8":11,"9":11,"10":4,"11":4,"12":0,"13":0,"14":0,"15":3,"16":3,"17":3,"18":3,"19":3,"20":3,"21":0,"22":3,"23":0,"24":3,"25":3,"26":4,"27":4,"28":0,"29":4,"30":4,"31":0,"32":4,"33":4,"34":1,"35":4,"36":1,"37":1,"38":3,"39":3,"40":3,"41":3,"42":4,"43":4,"44":1,"45":3,"46":0,"47":3,"48":2,"49":2,"50":2,"51":1,"52":1,"53":1,"54":1,"55":1,"56":1,"57":0,"58":31,"59":31,"60":31,"61":0,"62":31,"63":10,"64":21,"65":0,"66":21,"67":0,"68":21,"69":4,"70":17,"71":0,"72":0,"73":0,"74":0,"75":17},"f":{"0":31,"1":12,"2":4,"3":3,"4":0,"5":4,"6":31},"b":{"0":[0,31],"1":[9,3],"2":[12,3],"3":[2,1],"4":[0,4],"5":[0,0],"6":[0,3],"7":[3,0],"8":[0,3],"9":[0,3],"10":[0,4],"11":[0,4],"12":[1,0],"13":[1,3],"14":[4,1],"15":[0,3],"16":[2,1],"17":[1,0],"18":[1,0],"19":[0,31],"20":[10,21],"21":[0,21],"22":[0,21],"23":[4,17],"24":[0,17],"25":[0,0]},"meta":{"lastBranch":26,"lastFunction":7,"lastStatement":76,"seen":{"f:4:9:4:25":0,"s:5:18:5:Infinity":0,"b:6:2:8:Infinity:undefined:undefined:undefined:undefined":0,"s:6:2:8:Infinity":1,"s:7:4:7:Infinity":2,"s:9:2:9:Infinity":3,"f:12:16:12:34":1,"b:13:2:15:Infinity:undefined:undefined:undefined:undefined":1,"s:13:2:15:Infinity":4,"b:13:6:13:27:13:27:13:41":2,"s:14:4:14:Infinity":5,"s:16:18:16:Infinity":6,"s:17:2:17:Infinity":7,"b:17:19:17:29:17:29:17:Infinity":3,"s:21:35:21:Infinity":8,"s:22:24:22:Infinity":9,"f:23:9:23:29":2,"s:24:2:24:Infinity":10,"b:25:2:30:Infinity:undefined:undefined:undefined:undefined":4,"s:25:2:30:Infinity":11,"s:26:19:26:Infinity":12,"b:27:4:29:Infinity:undefined:undefined:undefined:undefined":5,"s:27:4:29:Infinity":13,"s:28:6:28:Infinity":14,"f:33:15:33:Infinity":3,"s:38:54:38:Infinity":15,"s:39:2:43:Infinity":16,"s:40:4:40:Infinity":17,"s:44:19:44:Infinity":18,"b:44:68:44:84:44:84:44:Infinity":6,"b:44:19:44:36:44:36:44:68":7,"s:45:18:45:Infinity":19,"b:45:52:45:71:45:71:45:Infinity":8,"b:46:2:48:Infinity:undefined:undefined:undefined:undefined":9,"s:46:2:48:Infinity":20,"s:47:4:47:Infinity":21,"s:49:15:49:Infinity":22,"f:49:42:49:43":4,"s:49:50:49:63":23,"s:50:2:57:Infinity":24,"s:51:4:54:Infinity":25,"f:60:15:60:35":5,"s:61:18:61:Infinity":26,"b:62:2:64:Infinity:undefined:undefined:undefined:undefined":10,"s:62:2:64:Infinity":27,"s:63:4:63:Infinity":28,"s:66:17:66:Infinity":29,"b:67:2:69:Infinity:undefined:undefined:undefined:undefined":11,"s:67:2:69:Infinity":30,"s:68:4:68:Infinity":31,"s:72:2:84:Infinity":32,"s:73:27:73:Infinity":33,"s:77:17:77:Infinity":34,"b:77:59:77:84:77:84:77:Infinity":12,"b:78:4:81:Infinity:undefined:undefined:undefined:undefined":13,"s:78:4:81:Infinity":35,"b:78:8:78:16:78:16:78:33":14,"s:79:6:79:Infinity":36,"s:80:6:80:Infinity":37,"s:88:36:88:Infinity":38,"s:89:2:113:Infinity":39,"s:90:18:90:Infinity":40,"s:91:4:110:Infinity":41,"s:93:6:97:Infinity":42,"s:94:8:94:Infinity":43,"s:96:8:96:Infinity":44,"b:98:6:100:Infinity:undefined:undefined:undefined:undefined":15,"s:98:6:100:Infinity":45,"s:99:8:99:Infinity":46,"b:102:6:106:Infinity:undefined:undefined:undefined:undefined":16,"s:102:6:106:Infinity":47,"s:103:8:103:Infinity":48,"s:104:8:104:Infinity":49,"s:105:8:105:Infinity":50,"b:107:6:109:Infinity:undefined:undefined:undefined:undefined":17,"s:107:6:109:Infinity":51,"s:108:8:108:Infinity":52,"b:115:2:119:Infinity:undefined:undefined:undefined:undefined":18,"s:115:2:119:Infinity":53,"s:116:4:116:Infinity":54,"s:117:4:117:Infinity":55,"s:118:4:118:Infinity":56,"s:121:2:121:Infinity":57,"f:124:22:124:42":6,"s:125:17:125:Infinity":58,"s:126:18:126:Infinity":59,"b:127:2:129:Infinity:undefined:undefined:undefined:undefined":19,"s:127:2:129:Infinity":60,"s:128:4:128:Infinity":61,"b:130:2:132:Infinity:undefined:undefined:undefined:undefined":20,"s:130:2:132:Infinity":62,"s:131:4:131:Infinity":63,"b:133:2:135:Infinity:undefined:undefined:undefined:undefined":21,"s:133:2:135:Infinity":64,"s:134:4:134:Infinity":65,"b:136:2:138:Infinity:undefined:undefined:undefined:undefined":22,"s:136:2:138:Infinity":66,"s:137:4:137:Infinity":67,"b:139:2:141:Infinity:undefined:undefined:undefined:undefined":23,"s:139:2:141:Infinity":68,"s:140:4:140:Infinity":69,"b:142:2:148:Infinity:undefined:undefined:undefined:undefined":24,"s:142:2:148:Infinity":70,"s:143:21:143:Infinity":71,"b:144:4:146:Infinity:undefined:undefined:undefined:undefined":25,"s:144:4:146:Infinity":72,"s:145:6:145:Infinity":73,"s:147:4:147:Infinity":74,"s:149:2:149:Infinity":75}}}
,"/root/work_code/matrix/src/matrix/send/types.ts": {"path":"/root/work_code/matrix/src/matrix/send/types.ts","statementMap":{"0":{"start":{"line":12,"column":23},"end":{"line":19,"column":null}},"1":{"start":{"line":22,"column":28},"end":{"line":26,"column":null}},"2":{"start":{"line":29,"column":25},"end":{"line":33,"column":null}}},"fnMap":{},"branchMap":{},"s":{"0":13,"1":13,"2":13},"f":{},"b":{},"meta":{"lastBranch":0,"lastFunction":0,"lastStatement":3,"seen":{"s:12:23:19:Infinity":0,"s:22:28:26:Infinity":1,"s:29:25:33:Infinity":2}}}
}
